#
# There is insufficient memory for the Java Runtime Environment to continue.
# Native memory allocation (mmap) failed to map 67108864 bytes for Failed to commit area from 0x00000000fc000000 to 0x0000000100000000 of length 67108864.
# Possible reasons:
#   The system is out of physical RAM or swap space
#   The process is running with CompressedOops enabled, and the Java Heap may be blocking the growth of the native heap
# Possible solutions:
#   Reduce memory load on the system
#   Increase physical memory or swap space
#   Check if swap backing store is full
#   Decrease Java heap size (-Xmx/-Xms)
#   Decrease number of Java threads
#   Decrease Java thread stack sizes (-Xss)
#   Set larger code cache with -XX:ReservedCodeCacheSize=
# This output file may be truncated or incomplete.
#
#  Out of Memory Error (./src/hotspot/os/windows/os_windows.cpp:3386), pid=37792, tid=30264
#
# JRE version:  (11.0.18+10) (build )
# Java VM: OpenJDK 64-Bit Server VM (11.0.18+10-LTS, mixed mode, sharing, tiered, compressed oops, g1 gc, windows-amd64)
# No core dump will be written. Minidumps are not enabled by default on client versions of Windows
#

---------------  S U M M A R Y ------------

Command Line: -Xmx64m -Xms64m -Dorg.gradle.appname=gradlew org.gradle.wrapper.GradleWrapperMain app:installDebug -PreactNativeDevServerPort=8081

Host: AMD Ryzen 3 5300U with Radeon Graphics         , 8 cores, 5G,  Windows 11 , 64 bit Build 22621 (10.0.22621.1344)
Time: Sun May  7 09:56:45 2023 Malay Peninsula Standard Time elapsed time: 0.044321 seconds (0d 0h 0m 0s)

---------------  T H R E A D  ---------------

Current thread (0x00000228e5cfe800):  JavaThread "Unknown thread" [_thread_in_vm, id=30264, stack(0x0000008ad9400000,0x0000008ad9500000)]

Stack: [0x0000008ad9400000,0x0000008ad9500000]
Native frames: (J=compiled Java code, j=interpreted, Vv=VM code, C=native code)
V  [jvm.dll+0x62bf8a]
V  [jvm.dll+0x7b8fb9]
V  [jvm.dll+0x7ba6a8]
V  [jvm.dll+0x7bad83]
V  [jvm.dll+0x250248]
V  [jvm.dll+0x62929a]
V  [jvm.dll+0x61d855]
V  [jvm.dll+0x30c32c]
V  [jvm.dll+0x30c1b2]
V  [jvm.dll+0x310ec6]
V  [jvm.dll+0x356f0f]
V  [jvm.dll+0x356940]
V  [jvm.dll+0x2e9348]
V  [jvm.dll+0x2ea4a6]
V  [jvm.dll+0x792e07]
V  [jvm.dll+0x79458f]
V  [jvm.dll+0x363c69]
V  [jvm.dll+0x775d70]
V  [jvm.dll+0x3d297f]
V  [jvm.dll+0x3d4d11]
C  [jli.dll+0x5207]
C  [ucrtbase.dll+0x29363]
C  [KERNEL32.DLL+0x126bd]
C  [ntdll.dll+0x5a9f8]


---------------  P R O C E S S  ---------------

Threads class SMR info:
_java_thread_list=0x00000228e5ae7d00, length=0, elements={
}

Java Threads: ( => current thread )

Other Threads:
  0x00000228e5d14800 GCTaskThread "GC Thread#0" [stack: 0x0000008ad9500000,0x0000008ad9600000] [id=31244]
  0x00000228e5d1e000 ConcurrentGCThread "G1 Main Marker" [stack: 0x0000008ad9600000,0x0000008ad9700000] [id=25792]
  0x00000228e5d21000 ConcurrentGCThread "G1 Conc#0" [stack: 0x0000008ad9700000,0x0000008ad9800000] [id=7440]

[error occurred during error reporting (printing all threads), id 0xc0000005, EXCEPTION_ACCESS_VIOLATION (0xc0000005) at pc=0x00007ffb3ec98b17]

VM state:not at safepoint (not fully initialized)

VM Mutex/Monitor currently owned by a thread:  ([mutex/lock_event])
[0x00000228e5cfa530] Heap_lock - owner thread: 0x00000228e5cfe800

Heap address: 0x00000000fc000000, size: 64 MB, Compressed Oops mode: Non-zero based: 0x00000000fc000000
Narrow klass base: 0x0000000000000000, Narrow klass shift: 0

GC Heap History (0 events):
No events

Deoptimization events (0 events):
No events

Classes redefined (0 events):
No events

Internal exceptions (0 events):
No events

Events (1 events):
Event: 0.030 Loaded shared library C:\Program Files\Microsoft\jdk-11.0.18.10-hotspot\bin\zip.dll


Dynamic libraries:
0x00007ff651610000 - 0x00007ff65161d000 	C:\Program Files\Microsoft\jdk-11.0.18.10-hotspot\bin\java.exe
0x00007ffbb64d0000 - 0x00007ffbb66e4000 	C:\WINDOWS\SYSTEM32\ntdll.dll
0x00007ffbb5050000 - 0x00007ffbb5113000 	C:\WINDOWS\System32\KERNEL32.DLL
0x00007ffbb3ab0000 - 0x00007ffbb3e4c000 	C:\WINDOWS\System32\KERNELBASE.dll
0x00007ffbb3e50000 - 0x00007ffbb3f61000 	C:\WINDOWS\System32\ucrtbase.dll
0x00007ffb82070000 - 0x00007ffb82087000 	C:\Program Files\Microsoft\jdk-11.0.18.10-hotspot\bin\jli.dll
0x00007ffb7e5b0000 - 0x00007ffb7e5c5000 	C:\Program Files\Microsoft\jdk-11.0.18.10-hotspot\bin\VCRUNTIME140.dll
0x00007ffba2180000 - 0x00007ffba240e000 	C:\WINDOWS\WinSxS\amd64_microsoft.windows.common-controls_6595b64144ccf1df_6.0.22621.608_none_a9444ca7c10bb01d\COMCTL32.dll
0x00007ffbb48c0000 - 0x00007ffbb4a6d000 	C:\WINDOWS\System32\USER32.dll
0x00007ffbb3910000 - 0x00007ffbb3936000 	C:\WINDOWS\System32\win32u.dll
0x00007ffbb4400000 - 0x00007ffbb44a7000 	C:\WINDOWS\System32\msvcrt.dll
0x00007ffbb43d0000 - 0x00007ffbb43f9000 	C:\WINDOWS\System32\GDI32.dll
0x00007ffbb3f70000 - 0x00007ffbb4083000 	C:\WINDOWS\System32\gdi32full.dll
0x00007ffbb4090000 - 0x00007ffbb412a000 	C:\WINDOWS\System32\msvcp_win.dll
0x00007ffbb4fb0000 - 0x00007ffbb4fe1000 	C:\WINDOWS\System32\IMM32.DLL
0x00007ffb6ed60000 - 0x00007ffb6edfb000 	C:\Program Files\Microsoft\jdk-11.0.18.10-hotspot\bin\msvcp140.dll
0x00007ffb3e9a0000 - 0x00007ffb3f532000 	C:\Program Files\Microsoft\jdk-11.0.18.10-hotspot\bin\server\jvm.dll
0x00007ffbb4680000 - 0x00007ffbb472e000 	C:\WINDOWS\System32\ADVAPI32.dll
0x00007ffbb44b0000 - 0x00007ffbb4554000 	C:\WINDOWS\System32\sechost.dll
0x00007ffbb4e00000 - 0x00007ffbb4f15000 	C:\WINDOWS\System32\RPCRT4.dll
0x00007ffbb52c0000 - 0x00007ffbb52c8000 	C:\WINDOWS\System32\PSAPI.DLL
0x00007ffba1790000 - 0x00007ffba1799000 	C:\WINDOWS\SYSTEM32\WSOCK32.dll
0x00007ffbad8d0000 - 0x00007ffbad8da000 	C:\WINDOWS\SYSTEM32\VERSION.dll
0x00007ffbac4a0000 - 0x00007ffbac4d4000 	C:\WINDOWS\SYSTEM32\WINMM.dll
0x00007ffbb5dd0000 - 0x00007ffbb5e41000 	C:\WINDOWS\System32\WS2_32.dll
0x00007ffbb2960000 - 0x00007ffbb2978000 	C:\WINDOWS\SYSTEM32\kernel.appcore.dll
0x00007ffb95c70000 - 0x00007ffb95c80000 	C:\Program Files\Microsoft\jdk-11.0.18.10-hotspot\bin\verify.dll
0x00007ffbb13d0000 - 0x00007ffbb15fe000 	C:\WINDOWS\SYSTEM32\DBGHELP.DLL
0x00007ffbb4a70000 - 0x00007ffbb4df9000 	C:\WINDOWS\System32\combase.dll
0x00007ffbb42f0000 - 0x00007ffbb43c7000 	C:\WINDOWS\System32\OLEAUT32.dll
0x00007ffba7ed0000 - 0x00007ffba7f02000 	C:\WINDOWS\SYSTEM32\dbgcore.DLL
0x00007ffbb4260000 - 0x00007ffbb42db000 	C:\WINDOWS\System32\bcryptPrimitives.dll
0x00007ffb75c30000 - 0x00007ffb75c58000 	C:\Program Files\Microsoft\jdk-11.0.18.10-hotspot\bin\java.dll
0x00007ffb93ef0000 - 0x00007ffb93efa000 	C:\Program Files\Microsoft\jdk-11.0.18.10-hotspot\bin\jimage.dll
0x00007ffb7e560000 - 0x00007ffb7e578000 	C:\Program Files\Microsoft\jdk-11.0.18.10-hotspot\bin\zip.dll

dbghelp: loaded successfully - version: 4.0.5 - missing functions: none
symbol engine: initialized successfully - sym options: 0x614 - pdb path: .;C:\Program Files\Microsoft\jdk-11.0.18.10-hotspot\bin;C:\WINDOWS\SYSTEM32;C:\WINDOWS\WinSxS\amd64_microsoft.windows.common-controls_6595b64144ccf1df_6.0.22621.608_none_a9444ca7c10bb01d;C:\Program Files\Microsoft\jdk-11.0.18.10-hotspot\bin\server

VM Arguments:
jvm_args: -Xmx64m -Xms64m -Dorg.gradle.appname=gradlew 
java_command: org.gradle.wrapper.GradleWrapperMain app:installDebug -PreactNativeDevServerPort=8081
java_class_path (initial): C:\Users\I GEDE SETIAWAN\aplikasi\android\\gradle\wrapper\gradle-wrapper.jar
Launcher Type: SUN_STANDARD

[Global flags]
     intx CICompilerCount                          = 4                                         {product} {ergonomic}
     uint ConcGCThreads                            = 2                                         {product} {ergonomic}
     uint G1ConcRefinementThreads                  = 8                                         {product} {ergonomic}
   size_t G1HeapRegionSize                         = 1048576                                   {product} {ergonomic}
    uintx GCDrainStackTargetSize                   = 64                                        {product} {ergonomic}
   size_t InitialHeapSize                          = 67108864                                  {product} {command line}
   size_t MarkStackSize                            = 4194304                                   {product} {ergonomic}
   size_t MaxHeapSize                              = 67108864                                  {product} {command line}
   size_t MinHeapDeltaBytes                        = 1048576                                   {product} {ergonomic}
    uintx NonNMethodCodeHeapSize                   = 5836300                                {pd product} {ergonomic}
    uintx NonProfiledCodeHeapSize                  = 122910970                              {pd product} {ergonomic}
    uintx ProfiledCodeHeapSize                     = 122910970                              {pd product} {ergonomic}
    uintx ReservedCodeCacheSize                    = 251658240                              {pd product} {ergonomic}
     bool SegmentedCodeCache                       = true                                      {product} {ergonomic}
     bool UseCompressedClassPointers               = true                                 {lp64_product} {ergonomic}
     bool UseCompressedOops                        = true                                 {lp64_product} {ergonomic}
     bool UseG1GC                                  = true                                      {product} {ergonomic}
     bool UseLargePagesIndividualAllocation        = false                                  {pd product} {ergonomic}

Logging:
Log output configuration:
 #0: stdout all=warning uptime,level,tags
 #1: stderr all=off uptime,level,tags

Environment Variables:
JAVA_HOME=C:\Program Files\Microsoft\jdk-11.0.18.10-hotspot\
CLASSPATH=C:\Users\I GEDE SETIAWAN\aplikasi\android\\gradle\wrapper\gradle-wrapper.jar
PATH=C:\Users\I GEDE SETIAWAN\aplikasi\android\node_modules\.bin;C:\Users\I GEDE SETIAWAN\aplikasi\node_modules\.bin;C:\Users\I GEDE SETIAWAN\node_modules\.bin;C:\Users\node_modules\.bin;C:\node_modules\.bin;C:\Program Files\nodejs;C:\Users\I GEDE SETIAWAN\aplikasi\node_modules\.bin;C:\Users\I GEDE SETIAWAN\aplikasi\node_modules\.bin;C:\Users\I GEDE SETIAWAN\node_modules\.bin;C:\Users\node_modules\.bin;C:\node_modules\.bin;C:\Users\I GEDE SETIAWAN\AppData\Roaming\npm\node_modules\npm\node_modules\@npmcli\run-script\lib\node-gyp-bin;C:\Program Files\Microsoft\jdk-11.0.18.10-hotspot\bin;C:\Program Files\Common Files\Oracle\Java\javapath;C:\Program Files\Rockwell Software\RSCommon;C:\oraclexe\app\oracle\product\10.2.0\server\bin;C:\WINDOWS\system32;C:\WINDOWS;C:\WINDOWS\System32\Wbem;C:\WINDOWS\System32\WindowsPowerShell\v1.0\;C:\WINDOWS\System32\OpenSSH\;C:\Program Files\nodejs\;C:\Program Files\Git\cmd;C:\Users\I GEDE SETIAWAN\AppData\Local\Android\Sdk\platform-tools;C:\ProgramData\chocolatey\bin;C:\Users\I GEDE SETIAWAN\AppData\Local\Microsoft\WindowsApps;C:\Users\I GEDE SETIAWAN\AppData\Local\Programs\Microsoft VS Code\bin;C:\Program Files\MySQL\MySQL Server 8.0\bin;C:\Users\I GEDE SETIAWAN\AppData\Roaming\npm;C:\Users\I GEDE SETIAWAN\AppData\Local\Android\Sdk\platform-tools;
USERNAME=I GEDE SETIAWAN
OS=Windows_NT
PROCESSOR_IDENTIFIER=AMD64 Family 23 Model 104 Stepping 1, AuthenticAMD
TMP=C:\Users\IGEDES~1\AppData\Local\Temp
TEMP=C:\Users\IGEDES~1\AppData\Local\Temp



---------------  S Y S T E M  ---------------

OS: Windows 11 , 64 bit Build 22621 (10.0.22621.1344)
OS uptime: 9 days 12:14 hours

CPU:total 8 (initial active 8) (8 cores per cpu, 2 threads per core) family 23 model 104 stepping 1 microcode 0x0, cmov, cx8, fxsr, mmx, sse, sse2, sse3, ssse3, sse4.1, sse4.2, popcnt, avx, avx2, aes, clmul, mmxext, 3dnowpref, lzcnt, sse4a, ht, tsc, tscinvbit, tscinv, bmi1, bmi2, adx, sha, fma

Memory: 4k page, system-wide physical 6005M (359M free)
TotalPageFile size 24437M (AvailPageFile size 66M)
current process WorkingSet (physical memory assigned to process): 10M, peak: 10M
current process commit charge ("private bytes"): 59M, peak: 123M

vm_info: OpenJDK 64-Bit Server VM (11.0.18+10-LTS) for windows-amd64 JRE (11.0.18+10-LTS), built on Jan 18 2023 15:56:47 by "MicrosoftCorporation" with MS VC++ 15.9 (VS2017)

END.
