#
# There is insufficient memory for the Java Runtime Environment to continue.
# Native memory allocation (malloc) failed to allocate 619376 bytes for Chunk::new
# Possible reasons:
#   The system is out of physical RAM or swap space
#   The process is running with CompressedOops enabled, and the Java Heap may be blocking the growth of the native heap
# Possible solutions:
#   Reduce memory load on the system
#   Increase physical memory or swap space
#   Check if swap backing store is full
#   Decrease Java heap size (-Xmx/-Xms)
#   Decrease number of Java threads
#   Decrease Java thread stack sizes (-Xss)
#   Set larger code cache with -XX:ReservedCodeCacheSize=
#   JVM is running with Unscaled Compressed Oops mode in which the Java heap is
#     placed in the first 4GB address space. The Java Heap base address is the
#     maximum limit for the native heap growth. Please use -XX:HeapBaseMinAddress
#     to set the Java Heap base and to place the Java Heap above 4GB virtual address.
# This output file may be truncated or incomplete.
#
#  Out of Memory Error (./src/hotspot/share/memory/arena.cpp:197), pid=10940, tid=27788
#
# JRE version: OpenJDK Runtime Environment Microsoft-7208460 (11.0.18+10) (build 11.0.18+10-LTS)
# Java VM: OpenJDK 64-Bit Server VM Microsoft-7208460 (11.0.18+10-LTS, mixed mode, tiered, compressed oops, g1 gc, windows-amd64)
# No core dump will be written. Minidumps are not enabled by default on client versions of Windows
#

---------------  S U M M A R Y ------------

Command Line: org.jetbrains.kotlin.cli.jvm.K2JVMCompiler @C:\Users\I GEDE SETIAWAN\aplikasi\node_modules\react-native-gradle-plugin\build\20230507_4093485554460030279.compiler.options

Host: AMD Ryzen 3 5300U with Radeon Graphics         , 8 cores, 5G,  Windows 11 , 64 bit Build 22621 (10.0.22621.1344)
Time: Sun May  7 07:52:29 2023 Malay Peninsula Standard Time elapsed time: 12.458694 seconds (0d 0h 0m 12s)

---------------  T H R E A D  ---------------

Current thread (0x0000022aae9ca800):  JavaThread "C2 CompilerThread0" daemon [_thread_in_native, id=27788, stack(0x00000040d3800000,0x00000040d3900000)]


Current CompileTask:
C2:  12458 12550       4       org.jetbrains.kotlin.backend.common.serialization.signature.IdSignatureBuilder::build (412 bytes)

Stack: [0x00000040d3800000,0x00000040d3900000]
Native frames: (J=compiled Java code, j=interpreted, Vv=VM code, C=native code)
V  [jvm.dll+0x62bf8a]
V  [jvm.dll+0x7b8fb9]
V  [jvm.dll+0x7ba6a8]
V  [jvm.dll+0x7bad83]
V  [jvm.dll+0x250248]
V  [jvm.dll+0xc260c]
V  [jvm.dll+0xc2bcc]
V  [jvm.dll+0x35e1c7]
V  [jvm.dll+0x32a373]
V  [jvm.dll+0x3296aa]
V  [jvm.dll+0x2093b3]
V  [jvm.dll+0x20850d]
V  [jvm.dll+0x18a4b1]
V  [jvm.dll+0x217eec]
V  [jvm.dll+0x21612b]
V  [jvm.dll+0x77bac0]
V  [jvm.dll+0x7749f4]
V  [jvm.dll+0x62adf5]
C  [ucrtbase.dll+0x29363]
C  [KERNEL32.DLL+0x126bd]
C  [ntdll.dll+0x5a9f8]


---------------  P R O C E S S  ---------------

Threads class SMR info:
_java_thread_list=0x0000022aafd3e3f0, length=11, elements={
0x0000022a90ced800, 0x0000022aae9b6000, 0x0000022aae9ac800, 0x0000022aaf333800,
0x0000022aae9c8800, 0x0000022aae9c9800, 0x0000022aae9ca800, 0x0000022aae9cc000,
0x0000022aae9da800, 0x0000022aaf49d000, 0x0000022ab0b97800
}

Java Threads: ( => current thread )
  0x0000022a90ced800 JavaThread "main" [_thread_in_Java, id=34580, stack(0x00000040d2c00000,0x00000040d2d00000)]
  0x0000022aae9b6000 JavaThread "Reference Handler" daemon [_thread_blocked, id=20672, stack(0x00000040d3300000,0x00000040d3400000)]
  0x0000022aae9ac800 JavaThread "Finalizer" daemon [_thread_blocked, id=33316, stack(0x00000040d3400000,0x00000040d3500000)]
  0x0000022aaf333800 JavaThread "Signal Dispatcher" daemon [_thread_blocked, id=35996, stack(0x00000040d3500000,0x00000040d3600000)]
  0x0000022aae9c8800 JavaThread "Attach Listener" daemon [_thread_blocked, id=36820, stack(0x00000040d3600000,0x00000040d3700000)]
  0x0000022aae9c9800 JavaThread "Service Thread" daemon [_thread_blocked, id=25128, stack(0x00000040d3700000,0x00000040d3800000)]
=>0x0000022aae9ca800 JavaThread "C2 CompilerThread0" daemon [_thread_in_native, id=27788, stack(0x00000040d3800000,0x00000040d3900000)]
  0x0000022aae9cc000 JavaThread "C1 CompilerThread0" daemon [_thread_in_native, id=26436, stack(0x00000040d3900000,0x00000040d3a00000)]
  0x0000022aae9da800 JavaThread "Sweeper thread" daemon [_thread_blocked, id=35024, stack(0x00000040d3a00000,0x00000040d3b00000)]
  0x0000022aaf49d000 JavaThread "Common-Cleaner" daemon [_thread_blocked, id=14244, stack(0x00000040d3c00000,0x00000040d3d00000)]
  0x0000022ab0b97800 JavaThread "C2 CompilerThread1" daemon [_thread_in_native, id=20864, stack(0x00000040d3d00000,0x00000040d3e00000)]

Other Threads:
  0x0000022aae9a3800 VMThread "VM Thread" [stack: 0x00000040d3200000,0x00000040d3300000] [id=37320]
  0x0000022aaf49b000 WatcherThread [stack: 0x00000040d3b00000,0x00000040d3c00000] [id=2960]
  0x0000022a90d05800 GCTaskThread "GC Thread#0" [stack: 0x00000040d2d00000,0x00000040d2e00000] [id=30460]
  0x0000022aafa77800 GCTaskThread "GC Thread#1" [stack: 0x00000040d3f00000,0x00000040d4000000] [id=8004]
  0x0000022ab18ed800 GCTaskThread "GC Thread#2" [stack: 0x00000040d4200000,0x00000040d4300000] [id=15216]
  0x0000022a90d2e800 ConcurrentGCThread "G1 Main Marker" [stack: 0x00000040d2e00000,0x00000040d2f00000] [id=25956]
  0x0000022a90d30800 ConcurrentGCThread "G1 Conc#0" [stack: 0x00000040d2f00000,0x00000040d3000000] [id=16784]
  0x0000022aafd3a800 ConcurrentGCThread "G1 Conc#1" [stack: 0x00000040d4000000,0x00000040d4100000] [id=3064]
  0x0000022a90db8800 ConcurrentGCThread "G1 Refine#0" [stack: 0x00000040d3000000,0x00000040d3100000] [id=33120]
  0x0000022ab24da800 ConcurrentGCThread "G1 Refine#1" [stack: 0x00000040d3e00000,0x00000040d3f00000] [id=33812]
  0x0000022ab2fc4000 ConcurrentGCThread "G1 Refine#2" [stack: 0x00000040d4100000,0x00000040d4200000] [id=37004]
  0x0000022a90dbb800 ConcurrentGCThread "G1 Young RemSet Sampling" [stack: 0x00000040d3100000,0x00000040d3200000] [id=15532]

Threads with active compile tasks:
C2 CompilerThread0    12473 12550       4       org.jetbrains.kotlin.backend.common.serialization.signature.IdSignatureBuilder::build (412 bytes)
C1 CompilerThread0    12473 12620       3       org.jetbrains.kotlin.psi2ir.generators.IrSyntheticDeclarationGenerator::visitValueParameter (7 bytes)
C2 CompilerThread1    12473 12595       4       org.jetbrains.kotlin.backend.common.serialization.signature.IdSignatureDescriptor$DescriptorBasedSignatureBuilder::visitClassDescriptor (91 bytes)

VM state:not at safepoint (normal execution)

VM Mutex/Monitor currently owned by a thread:  ([mutex/lock_event])
[0x0000022a90cece40] Compile_lock - owner thread: 0x0000000000000000

Heap address: 0x00000000a2200000, size: 1502 MB, Compressed Oops mode: 32-bit
Narrow klass base: 0x0000000000000000, Narrow klass shift: 3
Compressed class space size: 1073741824 Address: 0x0000000100000000

Heap:
 garbage-first heap   total 167936K, used 109680K [0x00000000a2200000, 0x0000000100000000)
  region size 1024K, 38 young (38912K), 4 survivors (4096K)
 Metaspace       used 71493K, capacity 72393K, committed 72736K, reserved 1114112K
  class space    used 7677K, capacity 8034K, committed 8140K, reserved 1048576K
Heap Regions: E=young(eden), S=young(survivor), O=old, HS=humongous(starts), HC=humongous(continues), CS=collection set, F=free, A=archive, TAMS=top-at-mark-start (previous, next)
|   0|0x00000000a2200000, 0x00000000a2300000, 0x00000000a2300000|100%|HS|  |TAMS 0x00000000a2300000, 0x00000000a2200000| Complete 
|   1|0x00000000a2300000, 0x00000000a2400000, 0x00000000a2400000|100%|HC|  |TAMS 0x00000000a2400000, 0x00000000a2300000| Complete 
|   2|0x00000000a2400000, 0x00000000a2500000, 0x00000000a2500000|100%|HC|  |TAMS 0x00000000a2500000, 0x00000000a2400000| Complete 
|   3|0x00000000a2500000, 0x00000000a2600000, 0x00000000a2600000|100%|HS|  |TAMS 0x00000000a2600000, 0x00000000a2500000| Complete 
|   4|0x00000000a2600000, 0x00000000a2700000, 0x00000000a2700000|100%|HC|  |TAMS 0x00000000a2700000, 0x00000000a2600000| Complete 
|   5|0x00000000a2700000, 0x00000000a2800000, 0x00000000a2800000|100%|HC|  |TAMS 0x00000000a2800000, 0x00000000a2700000| Complete 
|   6|0x00000000a2800000, 0x00000000a2900000, 0x00000000a2900000|100%| O|  |TAMS 0x00000000a2900000, 0x00000000a2800000| Untracked 
|   7|0x00000000a2900000, 0x00000000a2a00000, 0x00000000a2a00000|100%| O|  |TAMS 0x00000000a2a00000, 0x00000000a2900000| Untracked 
|   8|0x00000000a2a00000, 0x00000000a2b00000, 0x00000000a2b00000|100%| O|  |TAMS 0x00000000a2b00000, 0x00000000a2a00000| Untracked 
|   9|0x00000000a2b00000, 0x00000000a2c00000, 0x00000000a2c00000|100%| O|  |TAMS 0x00000000a2c00000, 0x00000000a2b00000| Untracked 
|  10|0x00000000a2c00000, 0x00000000a2d00000, 0x00000000a2d00000|100%| O|  |TAMS 0x00000000a2d00000, 0x00000000a2c00000| Untracked 
|  11|0x00000000a2d00000, 0x00000000a2e00000, 0x00000000a2e00000|100%| O|  |TAMS 0x00000000a2e00000, 0x00000000a2d00000| Untracked 
|  12|0x00000000a2e00000, 0x00000000a2f00000, 0x00000000a2f00000|100%| O|  |TAMS 0x00000000a2f00000, 0x00000000a2e00000| Untracked 
|  13|0x00000000a2f00000, 0x00000000a3000000, 0x00000000a3000000|100%| O|  |TAMS 0x00000000a3000000, 0x00000000a2f00000| Untracked 
|  14|0x00000000a3000000, 0x00000000a3100000, 0x00000000a3100000|100%| O|  |TAMS 0x00000000a3100000, 0x00000000a3000000| Untracked 
|  15|0x00000000a3100000, 0x00000000a3200000, 0x00000000a3200000|100%| O|  |TAMS 0x00000000a3200000, 0x00000000a3100000| Untracked 
|  16|0x00000000a3200000, 0x00000000a3300000, 0x00000000a3300000|100%| O|  |TAMS 0x00000000a3300000, 0x00000000a3200000| Untracked 
|  17|0x00000000a3300000, 0x00000000a3400000, 0x00000000a3400000|100%| O|  |TAMS 0x00000000a3400000, 0x00000000a3300000| Untracked 
|  18|0x00000000a3400000, 0x00000000a3500000, 0x00000000a3500000|100%| O|  |TAMS 0x00000000a3500000, 0x00000000a3400000| Untracked 
|  19|0x00000000a3500000, 0x00000000a3600000, 0x00000000a3600000|100%| O|  |TAMS 0x00000000a3600000, 0x00000000a3500000| Untracked 
|  20|0x00000000a3600000, 0x00000000a3700000, 0x00000000a3700000|100%| O|  |TAMS 0x00000000a3700000, 0x00000000a3600000| Untracked 
|  21|0x00000000a3700000, 0x00000000a3800000, 0x00000000a3800000|100%| O|  |TAMS 0x00000000a3800000, 0x00000000a3700000| Untracked 
|  22|0x00000000a3800000, 0x00000000a3900000, 0x00000000a3900000|100%| O|  |TAMS 0x00000000a3900000, 0x00000000a3800000| Untracked 
|  23|0x00000000a3900000, 0x00000000a3a00000, 0x00000000a3a00000|100%| O|  |TAMS 0x00000000a3a00000, 0x00000000a3900000| Untracked 
|  24|0x00000000a3a00000, 0x00000000a3b00000, 0x00000000a3b00000|100%| O|  |TAMS 0x00000000a3b00000, 0x00000000a3a00000| Untracked 
|  25|0x00000000a3b00000, 0x00000000a3c00000, 0x00000000a3c00000|100%| O|  |TAMS 0x00000000a3c00000, 0x00000000a3b00000| Untracked 
|  26|0x00000000a3c00000, 0x00000000a3d00000, 0x00000000a3d00000|100%| O|  |TAMS 0x00000000a3d00000, 0x00000000a3c00000| Untracked 
|  27|0x00000000a3d00000, 0x00000000a3e00000, 0x00000000a3e00000|100%| O|  |TAMS 0x00000000a3e00000, 0x00000000a3d00000| Untracked 
|  28|0x00000000a3e00000, 0x00000000a3f00000, 0x00000000a3f00000|100%| O|  |TAMS 0x00000000a3f00000, 0x00000000a3e00000| Untracked 
|  29|0x00000000a3f00000, 0x00000000a4000000, 0x00000000a4000000|100%| O|  |TAMS 0x00000000a4000000, 0x00000000a3f00000| Untracked 
|  30|0x00000000a4000000, 0x00000000a4100000, 0x00000000a4100000|100%| O|  |TAMS 0x00000000a4100000, 0x00000000a4000000| Untracked 
|  31|0x00000000a4100000, 0x00000000a4200000, 0x00000000a4200000|100%| O|  |TAMS 0x00000000a4200000, 0x00000000a4100000| Untracked 
|  32|0x00000000a4200000, 0x00000000a4300000, 0x00000000a4300000|100%|HS|  |TAMS 0x00000000a4300000, 0x00000000a4200000| Complete 
|  33|0x00000000a4300000, 0x00000000a4400000, 0x00000000a4400000|100%| O|  |TAMS 0x00000000a4400000, 0x00000000a4300000| Untracked 
|  34|0x00000000a4400000, 0x00000000a4500000, 0x00000000a4500000|100%| O|  |TAMS 0x00000000a4500000, 0x00000000a4400000| Untracked 
|  35|0x00000000a4500000, 0x00000000a4600000, 0x00000000a4600000|100%| O|  |TAMS 0x00000000a4600000, 0x00000000a4500000| Untracked 
|  36|0x00000000a4600000, 0x00000000a4700000, 0x00000000a4700000|100%| O|  |TAMS 0x00000000a4700000, 0x00000000a4600000| Untracked 
|  37|0x00000000a4700000, 0x00000000a4800000, 0x00000000a4800000|100%| O|  |TAMS 0x00000000a4800000, 0x00000000a4700000| Untracked 
|  38|0x00000000a4800000, 0x00000000a4900000, 0x00000000a4900000|100%| O|  |TAMS 0x00000000a4900000, 0x00000000a4800000| Untracked 
|  39|0x00000000a4900000, 0x00000000a4a00000, 0x00000000a4a00000|100%|HS|  |TAMS 0x00000000a4a00000, 0x00000000a4900000| Complete 
|  40|0x00000000a4a00000, 0x00000000a4b00000, 0x00000000a4b00000|100%|HC|  |TAMS 0x00000000a4b00000, 0x00000000a4a00000| Complete 
|  41|0x00000000a4b00000, 0x00000000a4c00000, 0x00000000a4c00000|100%|HC|  |TAMS 0x00000000a4c00000, 0x00000000a4b00000| Complete 
|  42|0x00000000a4c00000, 0x00000000a4d00000, 0x00000000a4d00000|100%|HC|  |TAMS 0x00000000a4d00000, 0x00000000a4c00000| Complete 
|  43|0x00000000a4d00000, 0x00000000a4e00000, 0x00000000a4e00000|100%|HC|  |TAMS 0x00000000a4e00000, 0x00000000a4d00000| Complete 
|  44|0x00000000a4e00000, 0x00000000a4f00000, 0x00000000a4f00000|100%| O|  |TAMS 0x00000000a4f00000, 0x00000000a4e00000| Untracked 
|  45|0x00000000a4f00000, 0x00000000a5000000, 0x00000000a5000000|100%| O|  |TAMS 0x00000000a5000000, 0x00000000a4f00000| Untracked 
|  46|0x00000000a5000000, 0x00000000a5100000, 0x00000000a5100000|100%| O|  |TAMS 0x00000000a5098c00, 0x00000000a5000000| Untracked 
|  47|0x00000000a5100000, 0x00000000a5200000, 0x00000000a5200000|100%| O|  |TAMS 0x00000000a5100000, 0x00000000a5100000| Untracked 
|  48|0x00000000a5200000, 0x00000000a5300000, 0x00000000a5300000|100%| O|  |TAMS 0x00000000a5200000, 0x00000000a5200000| Untracked 
|  49|0x00000000a5300000, 0x00000000a5400000, 0x00000000a5400000|100%| O|  |TAMS 0x00000000a5300000, 0x00000000a5300000| Untracked 
|  50|0x00000000a5400000, 0x00000000a5500000, 0x00000000a5500000|100%| O|  |TAMS 0x00000000a5400000, 0x00000000a5400000| Untracked 
|  51|0x00000000a5500000, 0x00000000a5600000, 0x00000000a5600000|100%| O|  |TAMS 0x00000000a5500000, 0x00000000a5500000| Untracked 
|  52|0x00000000a5600000, 0x00000000a5700000, 0x00000000a5700000|100%| O|  |TAMS 0x00000000a5600000, 0x00000000a5600000| Untracked 
|  53|0x00000000a5700000, 0x00000000a5800000, 0x00000000a5800000|100%| O|  |TAMS 0x00000000a5700000, 0x00000000a5700000| Untracked 
|  54|0x00000000a5800000, 0x00000000a5900000, 0x00000000a5900000|100%| O|  |TAMS 0x00000000a5800000, 0x00000000a5800000| Untracked 
|  55|0x00000000a5900000, 0x00000000a5a00000, 0x00000000a5a00000|100%| O|  |TAMS 0x00000000a5900000, 0x00000000a5900000| Untracked 
|  56|0x00000000a5a00000, 0x00000000a5b00000, 0x00000000a5b00000|100%| O|  |TAMS 0x00000000a5a00000, 0x00000000a5a00000| Untracked 
|  57|0x00000000a5b00000, 0x00000000a5c00000, 0x00000000a5c00000|100%| O|  |TAMS 0x00000000a5b00000, 0x00000000a5b00000| Untracked 
|  58|0x00000000a5c00000, 0x00000000a5d00000, 0x00000000a5d00000|100%| O|  |TAMS 0x00000000a5c00000, 0x00000000a5c00000| Untracked 
|  59|0x00000000a5d00000, 0x00000000a5e00000, 0x00000000a5e00000|100%| O|  |TAMS 0x00000000a5d00000, 0x00000000a5d00000| Untracked 
|  60|0x00000000a5e00000, 0x00000000a5f00000, 0x00000000a5f00000|100%| O|  |TAMS 0x00000000a5e00000, 0x00000000a5e00000| Untracked 
|  61|0x00000000a5f00000, 0x00000000a6000000, 0x00000000a6000000|100%| O|  |TAMS 0x00000000a5f00000, 0x00000000a5f00000| Untracked 
|  62|0x00000000a6000000, 0x00000000a6100000, 0x00000000a6100000|100%| O|  |TAMS 0x00000000a6000000, 0x00000000a6000000| Untracked 
|  63|0x00000000a6100000, 0x00000000a6200000, 0x00000000a6200000|100%| O|  |TAMS 0x00000000a6100000, 0x00000000a6100000| Untracked 
|  64|0x00000000a6200000, 0x00000000a6300000, 0x00000000a6300000|100%|HS|  |TAMS 0x00000000a6200000, 0x00000000a6200000| Complete 
|  65|0x00000000a6300000, 0x00000000a6400000, 0x00000000a6400000|100%|HC|  |TAMS 0x00000000a6300000, 0x00000000a6300000| Complete 
|  66|0x00000000a6400000, 0x00000000a6500000, 0x00000000a6500000|100%| O|  |TAMS 0x00000000a6400000, 0x00000000a6400000| Untracked 
|  67|0x00000000a6500000, 0x00000000a6600000, 0x00000000a6600000|100%| O|  |TAMS 0x00000000a6500000, 0x00000000a6500000| Untracked 
|  68|0x00000000a6600000, 0x00000000a6700000, 0x00000000a6700000|100%| O|  |TAMS 0x00000000a6600000, 0x00000000a6600000| Untracked 
|  69|0x00000000a6700000, 0x00000000a6800000, 0x00000000a6800000|100%| O|  |TAMS 0x00000000a6700000, 0x00000000a6700000| Untracked 
|  70|0x00000000a6800000, 0x00000000a6850a00, 0x00000000a6900000| 31%| O|  |TAMS 0x00000000a6800000, 0x00000000a6800000| Untracked 
|  71|0x00000000a6900000, 0x00000000a6900000, 0x00000000a6a00000|  0%| F|  |TAMS 0x00000000a6900000, 0x00000000a6900000| Untracked 
|  72|0x00000000a6a00000, 0x00000000a6a00000, 0x00000000a6b00000|  0%| F|  |TAMS 0x00000000a6a00000, 0x00000000a6a00000| Untracked 
|  73|0x00000000a6b00000, 0x00000000a6b00000, 0x00000000a6c00000|  0%| F|  |TAMS 0x00000000a6b00000, 0x00000000a6b00000| Untracked 
|  74|0x00000000a6c00000, 0x00000000a6c00000, 0x00000000a6d00000|  0%| F|  |TAMS 0x00000000a6c00000, 0x00000000a6c00000| Untracked 
|  75|0x00000000a6d00000, 0x00000000a6d00000, 0x00000000a6e00000|  0%| F|  |TAMS 0x00000000a6d00000, 0x00000000a6d00000| Untracked 
|  76|0x00000000a6e00000, 0x00000000a6e00000, 0x00000000a6f00000|  0%| F|  |TAMS 0x00000000a6e00000, 0x00000000a6e00000| Untracked 
|  77|0x00000000a6f00000, 0x00000000a6f00000, 0x00000000a7000000|  0%| F|  |TAMS 0x00000000a6f00000, 0x00000000a6f00000| Untracked 
|  78|0x00000000a7000000, 0x00000000a7000000, 0x00000000a7100000|  0%| F|  |TAMS 0x00000000a7000000, 0x00000000a7000000| Untracked 
|  79|0x00000000a7100000, 0x00000000a7100000, 0x00000000a7200000|  0%| F|  |TAMS 0x00000000a7100000, 0x00000000a7100000| Untracked 
|  80|0x00000000a7200000, 0x00000000a7200000, 0x00000000a7300000|  0%| F|  |TAMS 0x00000000a7200000, 0x00000000a7200000| Untracked 
|  81|0x00000000a7300000, 0x00000000a7300000, 0x00000000a7400000|  0%| F|  |TAMS 0x00000000a7300000, 0x00000000a7300000| Untracked 
|  82|0x00000000a7400000, 0x00000000a7400000, 0x00000000a7500000|  0%| F|  |TAMS 0x00000000a7400000, 0x00000000a7400000| Untracked 
|  83|0x00000000a7500000, 0x00000000a7500000, 0x00000000a7600000|  0%| F|  |TAMS 0x00000000a7500000, 0x00000000a7500000| Untracked 
|  84|0x00000000a7600000, 0x00000000a7600000, 0x00000000a7700000|  0%| F|  |TAMS 0x00000000a7600000, 0x00000000a7600000| Untracked 
|  85|0x00000000a7700000, 0x00000000a7700000, 0x00000000a7800000|  0%| F|  |TAMS 0x00000000a7700000, 0x00000000a7700000| Untracked 
|  86|0x00000000a7800000, 0x00000000a7800000, 0x00000000a7900000|  0%| F|  |TAMS 0x00000000a7800000, 0x00000000a7800000| Untracked 
|  87|0x00000000a7900000, 0x00000000a7900000, 0x00000000a7a00000|  0%| F|  |TAMS 0x00000000a7900000, 0x00000000a7900000| Untracked 
|  88|0x00000000a7a00000, 0x00000000a7a00000, 0x00000000a7b00000|  0%| F|  |TAMS 0x00000000a7a00000, 0x00000000a7a00000| Untracked 
|  89|0x00000000a7b00000, 0x00000000a7b00000, 0x00000000a7c00000|  0%| F|  |TAMS 0x00000000a7b00000, 0x00000000a7b00000| Untracked 
|  90|0x00000000a7c00000, 0x00000000a7c00000, 0x00000000a7d00000|  0%| F|  |TAMS 0x00000000a7c00000, 0x00000000a7c00000| Untracked 
|  91|0x00000000a7d00000, 0x00000000a7d00000, 0x00000000a7e00000|  0%| F|  |TAMS 0x00000000a7d00000, 0x00000000a7d00000| Untracked 
|  92|0x00000000a7e00000, 0x00000000a7e00000, 0x00000000a7f00000|  0%| F|  |TAMS 0x00000000a7e00000, 0x00000000a7e00000| Untracked 
|  93|0x00000000a7f00000, 0x00000000a7f00000, 0x00000000a8000000|  0%| F|  |TAMS 0x00000000a7f00000, 0x00000000a7f00000| Untracked 
|  94|0x00000000a8000000, 0x00000000a8000000, 0x00000000a8100000|  0%| F|  |TAMS 0x00000000a8000000, 0x00000000a8000000| Untracked 
|  95|0x00000000a8100000, 0x00000000a8100000, 0x00000000a8200000|  0%| F|  |TAMS 0x00000000a8100000, 0x00000000a8100000| Untracked 
|  96|0x00000000a8200000, 0x00000000a8200000, 0x00000000a8300000|  0%| F|  |TAMS 0x00000000a8200000, 0x00000000a8200000| Untracked 
|  97|0x00000000a8300000, 0x00000000a8300000, 0x00000000a8400000|  0%| F|  |TAMS 0x00000000a8300000, 0x00000000a8300000| Untracked 
|  98|0x00000000a8400000, 0x00000000a8400000, 0x00000000a8500000|  0%| F|  |TAMS 0x00000000a8400000, 0x00000000a8400000| Untracked 
|  99|0x00000000a8500000, 0x00000000a8500000, 0x00000000a8600000|  0%| F|  |TAMS 0x00000000a8500000, 0x00000000a8500000| Untracked 
| 100|0x00000000a8600000, 0x00000000a8600000, 0x00000000a8700000|  0%| F|  |TAMS 0x00000000a8600000, 0x00000000a8600000| Untracked 
| 101|0x00000000a8700000, 0x00000000a8700000, 0x00000000a8800000|  0%| F|  |TAMS 0x00000000a8700000, 0x00000000a8700000| Untracked 
| 102|0x00000000a8800000, 0x00000000a8800000, 0x00000000a8900000|  0%| F|  |TAMS 0x00000000a8800000, 0x00000000a8800000| Untracked 
| 103|0x00000000a8900000, 0x00000000a8900000, 0x00000000a8a00000|  0%| F|  |TAMS 0x00000000a8900000, 0x00000000a8900000| Untracked 
| 104|0x00000000a8a00000, 0x00000000a8a00000, 0x00000000a8b00000|  0%| F|  |TAMS 0x00000000a8a00000, 0x00000000a8a00000| Untracked 
| 105|0x00000000a8b00000, 0x00000000a8b00000, 0x00000000a8c00000|  0%| F|  |TAMS 0x00000000a8b00000, 0x00000000a8b00000| Untracked 
| 106|0x00000000a8c00000, 0x00000000a8c00000, 0x00000000a8d00000|  0%| F|  |TAMS 0x00000000a8c00000, 0x00000000a8c00000| Untracked 
| 107|0x00000000a8d00000, 0x00000000a8d00000, 0x00000000a8e00000|  0%| F|  |TAMS 0x00000000a8d00000, 0x00000000a8d00000| Untracked 
| 108|0x00000000a8e00000, 0x00000000a8e00000, 0x00000000a8f00000|  0%| F|  |TAMS 0x00000000a8e00000, 0x00000000a8e00000| Untracked 
| 109|0x00000000a8f00000, 0x00000000a8f00000, 0x00000000a9000000|  0%| F|  |TAMS 0x00000000a8f00000, 0x00000000a8f00000| Untracked 
| 110|0x00000000a9000000, 0x00000000a9000000, 0x00000000a9100000|  0%| F|  |TAMS 0x00000000a9000000, 0x00000000a9000000| Untracked 
| 111|0x00000000a9100000, 0x00000000a91cb6d0, 0x00000000a9200000| 79%| S|CS|TAMS 0x00000000a9100000, 0x00000000a9100000| Complete 
| 112|0x00000000a9200000, 0x00000000a9300000, 0x00000000a9300000|100%| S|CS|TAMS 0x00000000a9200000, 0x00000000a9200000| Complete 
| 113|0x00000000a9300000, 0x00000000a9400000, 0x00000000a9400000|100%| S|CS|TAMS 0x00000000a9300000, 0x00000000a9300000| Complete 
| 114|0x00000000a9400000, 0x00000000a9500000, 0x00000000a9500000|100%| S|CS|TAMS 0x00000000a9400000, 0x00000000a9400000| Complete 
| 115|0x00000000a9500000, 0x00000000a9500000, 0x00000000a9600000|  0%| F|  |TAMS 0x00000000a9500000, 0x00000000a9500000| Untracked 
| 116|0x00000000a9600000, 0x00000000a9600000, 0x00000000a9700000|  0%| F|  |TAMS 0x00000000a9600000, 0x00000000a9600000| Untracked 
| 117|0x00000000a9700000, 0x00000000a9700000, 0x00000000a9800000|  0%| F|  |TAMS 0x00000000a9700000, 0x00000000a9700000| Untracked 
| 118|0x00000000a9800000, 0x00000000a9800000, 0x00000000a9900000|  0%| F|  |TAMS 0x00000000a9800000, 0x00000000a9800000| Untracked 
| 119|0x00000000a9900000, 0x00000000a9900000, 0x00000000a9a00000|  0%| F|  |TAMS 0x00000000a9900000, 0x00000000a9900000| Untracked 
| 120|0x00000000a9a00000, 0x00000000a9a00000, 0x00000000a9b00000|  0%| F|  |TAMS 0x00000000a9a00000, 0x00000000a9a00000| Untracked 
| 121|0x00000000a9b00000, 0x00000000a9b00000, 0x00000000a9c00000|  0%| F|  |TAMS 0x00000000a9b00000, 0x00000000a9b00000| Untracked 
| 122|0x00000000a9c00000, 0x00000000a9c00000, 0x00000000a9d00000|  0%| F|  |TAMS 0x00000000a9c00000, 0x00000000a9c00000| Untracked 
| 123|0x00000000a9d00000, 0x00000000a9d00000, 0x00000000a9e00000|  0%| F|  |TAMS 0x00000000a9d00000, 0x00000000a9d00000| Untracked 
| 124|0x00000000a9e00000, 0x00000000a9e00000, 0x00000000a9f00000|  0%| F|  |TAMS 0x00000000a9e00000, 0x00000000a9e00000| Untracked 
| 125|0x00000000a9f00000, 0x00000000a9f00000, 0x00000000aa000000|  0%| F|  |TAMS 0x00000000a9f00000, 0x00000000a9f00000| Untracked 
| 126|0x00000000aa000000, 0x00000000aa000000, 0x00000000aa100000|  0%| F|  |TAMS 0x00000000aa000000, 0x00000000aa000000| Untracked 
| 127|0x00000000aa100000, 0x00000000aa100000, 0x00000000aa200000|  0%| F|  |TAMS 0x00000000aa100000, 0x00000000aa100000| Untracked 
| 128|0x00000000aa200000, 0x00000000aa200000, 0x00000000aa300000|  0%| F|  |TAMS 0x00000000aa200000, 0x00000000aa200000| Untracked 
| 129|0x00000000aa300000, 0x00000000aa300000, 0x00000000aa400000|  0%| F|  |TAMS 0x00000000aa300000, 0x00000000aa300000| Untracked 
| 130|0x00000000aa400000, 0x00000000aa500000, 0x00000000aa500000|100%| E|  |TAMS 0x00000000aa400000, 0x00000000aa400000| Complete 
| 131|0x00000000aa500000, 0x00000000aa600000, 0x00000000aa600000|100%| E|CS|TAMS 0x00000000aa500000, 0x00000000aa500000| Complete 
| 132|0x00000000aa600000, 0x00000000aa700000, 0x00000000aa700000|100%| E|CS|TAMS 0x00000000aa600000, 0x00000000aa600000| Complete 
| 133|0x00000000aa700000, 0x00000000aa800000, 0x00000000aa800000|100%| E|CS|TAMS 0x00000000aa700000, 0x00000000aa700000| Complete 
| 134|0x00000000aa800000, 0x00000000aa900000, 0x00000000aa900000|100%| E|CS|TAMS 0x00000000aa800000, 0x00000000aa800000| Complete 
| 135|0x00000000aa900000, 0x00000000aaa00000, 0x00000000aaa00000|100%| E|CS|TAMS 0x00000000aa900000, 0x00000000aa900000| Complete 
| 136|0x00000000aaa00000, 0x00000000aab00000, 0x00000000aab00000|100%| E|CS|TAMS 0x00000000aaa00000, 0x00000000aaa00000| Complete 
| 137|0x00000000aab00000, 0x00000000aac00000, 0x00000000aac00000|100%| E|CS|TAMS 0x00000000aab00000, 0x00000000aab00000| Complete 
| 138|0x00000000aac00000, 0x00000000aad00000, 0x00000000aad00000|100%| E|CS|TAMS 0x00000000aac00000, 0x00000000aac00000| Complete 
| 139|0x00000000aad00000, 0x00000000aae00000, 0x00000000aae00000|100%| E|CS|TAMS 0x00000000aad00000, 0x00000000aad00000| Complete 
| 140|0x00000000aae00000, 0x00000000aaf00000, 0x00000000aaf00000|100%| E|CS|TAMS 0x00000000aae00000, 0x00000000aae00000| Complete 
| 141|0x00000000aaf00000, 0x00000000ab000000, 0x00000000ab000000|100%| E|CS|TAMS 0x00000000aaf00000, 0x00000000aaf00000| Complete 
| 142|0x00000000ab000000, 0x00000000ab100000, 0x00000000ab100000|100%| E|CS|TAMS 0x00000000ab000000, 0x00000000ab000000| Complete 
| 143|0x00000000ab100000, 0x00000000ab200000, 0x00000000ab200000|100%| E|CS|TAMS 0x00000000ab100000, 0x00000000ab100000| Complete 
| 144|0x00000000ab200000, 0x00000000ab300000, 0x00000000ab300000|100%| E|CS|TAMS 0x00000000ab200000, 0x00000000ab200000| Complete 
| 145|0x00000000ab300000, 0x00000000ab400000, 0x00000000ab400000|100%| E|CS|TAMS 0x00000000ab300000, 0x00000000ab300000| Complete 
| 146|0x00000000ab400000, 0x00000000ab500000, 0x00000000ab500000|100%| E|CS|TAMS 0x00000000ab400000, 0x00000000ab400000| Complete 
| 147|0x00000000ab500000, 0x00000000ab600000, 0x00000000ab600000|100%| E|CS|TAMS 0x00000000ab500000, 0x00000000ab500000| Complete 
| 148|0x00000000ab600000, 0x00000000ab700000, 0x00000000ab700000|100%| E|CS|TAMS 0x00000000ab600000, 0x00000000ab600000| Complete 
| 149|0x00000000ab700000, 0x00000000ab800000, 0x00000000ab800000|100%| E|CS|TAMS 0x00000000ab700000, 0x00000000ab700000| Complete 
| 150|0x00000000ab800000, 0x00000000ab900000, 0x00000000ab900000|100%| E|CS|TAMS 0x00000000ab800000, 0x00000000ab800000| Complete 
| 151|0x00000000ab900000, 0x00000000aba00000, 0x00000000aba00000|100%| E|CS|TAMS 0x00000000ab900000, 0x00000000ab900000| Complete 
| 152|0x00000000aba00000, 0x00000000abb00000, 0x00000000abb00000|100%| E|CS|TAMS 0x00000000aba00000, 0x00000000aba00000| Complete 
| 153|0x00000000abb00000, 0x00000000abc00000, 0x00000000abc00000|100%| E|CS|TAMS 0x00000000abb00000, 0x00000000abb00000| Complete 
| 154|0x00000000abc00000, 0x00000000abd00000, 0x00000000abd00000|100%| E|CS|TAMS 0x00000000abc00000, 0x00000000abc00000| Complete 
| 155|0x00000000abd00000, 0x00000000abe00000, 0x00000000abe00000|100%| E|CS|TAMS 0x00000000abd00000, 0x00000000abd00000| Complete 
| 156|0x00000000abe00000, 0x00000000abf00000, 0x00000000abf00000|100%| E|CS|TAMS 0x00000000abe00000, 0x00000000abe00000| Complete 
| 157|0x00000000abf00000, 0x00000000ac000000, 0x00000000ac000000|100%| E|CS|TAMS 0x00000000abf00000, 0x00000000abf00000| Complete 
| 158|0x00000000ac000000, 0x00000000ac100000, 0x00000000ac100000|100%| E|CS|TAMS 0x00000000ac000000, 0x00000000ac000000| Complete 
| 159|0x00000000ac100000, 0x00000000ac200000, 0x00000000ac200000|100%| E|CS|TAMS 0x00000000ac100000, 0x00000000ac100000| Complete 
| 160|0x00000000ac200000, 0x00000000ac300000, 0x00000000ac300000|100%| E|CS|TAMS 0x00000000ac200000, 0x00000000ac200000| Complete 
| 161|0x00000000ac300000, 0x00000000ac400000, 0x00000000ac400000|100%| E|CS|TAMS 0x00000000ac300000, 0x00000000ac300000| Complete 
| 162|0x00000000ac400000, 0x00000000ac500000, 0x00000000ac500000|100%| E|CS|TAMS 0x00000000ac400000, 0x00000000ac400000| Complete 
| 163|0x00000000ac500000, 0x00000000ac600000, 0x00000000ac600000|100%| E|CS|TAMS 0x00000000ac500000, 0x00000000ac500000| Complete 

Card table byte_map: [0x0000022aa8a80000,0x0000022aa8d70000] _byte_map_base: 0x0000022aa856f000

Marking Bits (Prev, Next): (CMBitMap*) 0x0000022a90d27d10, (CMBitMap*) 0x0000022a90d27cd8
 Prev Bits: [0x0000022aaa7e0000, 0x0000022aabf58000)
 Next Bits: [0x0000022aa9060000, 0x0000022aaa7d8000)

Polling page: 0x0000022a904c0000

Metaspace:

Usage:
  Non-class:     62.85 MB capacity,    62.33 MB (>99%) used,   415.30 KB ( <1%) free+waste,   116.13 KB ( <1%) overhead. 
      Class:      7.85 MB capacity,     7.50 MB ( 96%) used,   307.84 KB (  4%) free+waste,    48.75 KB ( <1%) overhead. 
       Both:     70.70 MB capacity,    69.83 MB ( 99%) used,   723.15 KB ( <1%) free+waste,   164.88 KB ( <1%) overhead. 

Virtual space:
  Non-class space:       64.00 MB reserved,      63.08 MB ( 99%) committed 
      Class space:        1.00 GB reserved,       7.95 MB ( <1%) committed 
             Both:        1.06 GB reserved,      71.03 MB (  7%) committed 

Chunk freelists:
   Non-Class:  45.00 KB
       Class:  30.00 KB
        Both:  75.00 KB

MaxMetaspaceSize: 17179869184.00 GB
CompressedClassSpaceSize: 1.00 GB
Initial GC threshold: 20.80 MB
Current GC threshold: 97.97 MB
CDS: off

CodeHeap 'non-profiled nmethods': size=120000Kb used=6408Kb max_used=6408Kb free=113591Kb
 bounds [0x0000022aa0f30000, 0x0000022aa1580000, 0x0000022aa8460000]
CodeHeap 'profiled nmethods': size=120000Kb used=37260Kb max_used=37260Kb free=82739Kb
 bounds [0x0000022a99a00000, 0x0000022a9be70000, 0x0000022aa0f30000]
CodeHeap 'non-nmethods': size=5760Kb used=1340Kb max_used=1365Kb free=4419Kb
 bounds [0x0000022a99460000, 0x0000022a996d0000, 0x0000022a99a00000]
 total_blobs=13138 nmethods=12504 adapters=544
 compilation: enabled
              stopped_count=0, restarted_count=0
 full_count=0

Compilation events (20 events):
Event: 12.444 Thread 0x0000022ab0b97800 nmethod 12563 0x0000022aa156ec10 code [0x0000022aa156eda0, 0x0000022aa156f018]
Event: 12.444 Thread 0x0000022ab0b97800 12582       4       org.jetbrains.kotlin.ir.util.IdSignature$Flags::encode (15 bytes)
Event: 12.445 Thread 0x0000022ab0b97800 nmethod 12582 0x0000022aa156f190 code [0x0000022aa156f320, 0x0000022aa156f398]
Event: 12.445 Thread 0x0000022ab0b97800 12565       4       org.jetbrains.kotlin.builtins.functions.FunctionClassDescriptor$FunctionTypeConstructor::getDeclarationDescriptor (8 bytes)
Event: 12.445 Thread 0x0000022ab0b97800 nmethod 12565 0x0000022aa156f490 code [0x0000022aa156f620, 0x0000022aa156f698]
Event: 12.446 Thread 0x0000022aae9cc000 nmethod 12583 0x0000022a9be2b810 code [0x0000022a9be2be20, 0x0000022a9be2ea08]
Event: 12.447 Thread 0x0000022ab0b97800 12584       4       org.jetbrains.kotlin.load.java.lazy.LazyJavaAnnotations::hasAnnotation (6 bytes)
Event: 12.448 Thread 0x0000022aae9cc000 12585       3       org.jetbrains.kotlin.psi2ir.generators.CallGenerator::generateCall$default (21 bytes)
Event: 12.448 Thread 0x0000022aae9cc000 nmethod 12585 0x0000022a9be2f990 code [0x0000022a9be2fb40, 0x0000022a9be2fca8]
Event: 12.448 Thread 0x0000022aae9cc000 12586       3       org.jetbrains.kotlin.psi2ir.KotlinUtilsKt::getUnwrappedGetMethod (35 bytes)
Event: 12.449 Thread 0x0000022aae9cc000 nmethod 12586 0x0000022a9be2fd90 code [0x0000022a9be30020, 0x0000022a9be30c58]
Event: 12.449 Thread 0x0000022aae9cc000 12588       3       org.jetbrains.kotlin.psi2ir.generators.StatementGenerator::visitSimpleNameExpression (10 bytes)
Event: 12.449 Thread 0x0000022ab0b97800 nmethod 12584 0x0000022aa156f790 code [0x0000022aa156f960, 0x0000022aa156faf8]
Event: 12.449 Thread 0x0000022aae9cc000 nmethod 12588 0x0000022a9be31010 code [0x0000022a9be311e0, 0x0000022a9be313e8]
Event: 12.449 Thread 0x0000022aae9cc000 12589       3       org.jetbrains.kotlin.psi2ir.generators.StatementGenerator::visitSimpleNameExpression (153 bytes)
Event: 12.450 Thread 0x0000022aae9cc000 nmethod 12589 0x0000022a9be31490 code [0x0000022a9be319a0, 0x0000022a9be34068]
Event: 12.451 Thread 0x0000022aae9cc000 12590       3       org.jetbrains.kotlin.psi2ir.generators.StatementGenerator::generateExpressionForReferencedDescriptor (86 bytes)
Event: 12.452 Thread 0x0000022aae9cc000 nmethod 12590 0x0000022a9be34c90 code [0x0000022a9be350c0, 0x0000022a9be36c08]
Event: 12.452 Thread 0x0000022aae9cc000 12591       3       org.jetbrains.kotlin.psi2ir.generators.CallGenerator::generateValueReference (390 bytes)
Event: 12.452 Thread 0x0000022ab0b97800 12593       4       org.jetbrains.kotlin.ir.util.SymbolTable$FlatSymbolTable::get (42 bytes)

GC Heap History (20 events):
Event: 2.966 GC heap before
{Heap before GC invocations=6 (full 0):
 garbage-first heap   total 115712K, used 32768K [0x00000000a2200000, 0x0000000100000000)
  region size 1024K, 6 young (6144K), 1 survivors (1024K)
 Metaspace       used 34969K, capacity 35435K, committed 35628K, reserved 1081344K
  class space    used 4261K, capacity 4463K, committed 4480K, reserved 1048576K
}
Event: 2.968 GC heap after
{Heap after GC invocations=7 (full 0):
 garbage-first heap   total 115712K, used 28217K [0x00000000a2200000, 0x0000000100000000)
  region size 1024K, 1 young (1024K), 1 survivors (1024K)
 Metaspace       used 34969K, capacity 35435K, committed 35628K, reserved 1081344K
  class space    used 4261K, capacity 4463K, committed 4480K, reserved 1048576K
}
Event: 3.540 GC heap before
{Heap before GC invocations=8 (full 0):
 garbage-first heap   total 115712K, used 75321K [0x00000000a2200000, 0x0000000100000000)
  region size 1024K, 37 young (37888K), 1 survivors (1024K)
 Metaspace       used 40975K, capacity 41492K, committed 41848K, reserved 1085440K
  class space    used 4826K, capacity 5050K, committed 5068K, reserved 1048576K
}
Event: 3.546 GC heap after
{Heap after GC invocations=9 (full 0):
 garbage-first heap   total 115712K, used 33973K [0x00000000a2200000, 0x0000000100000000)
  region size 1024K, 5 young (5120K), 5 survivors (5120K)
 Metaspace       used 40975K, capacity 41492K, committed 41848K, reserved 1085440K
  class space    used 4826K, capacity 5050K, committed 5068K, reserved 1048576K
}
Event: 4.333 GC heap before
{Heap before GC invocations=9 (full 0):
 garbage-first heap   total 115712K, used 71861K [0x00000000a2200000, 0x0000000100000000)
  region size 1024K, 41 young (41984K), 5 survivors (5120K)
 Metaspace       used 48011K, capacity 48661K, committed 48888K, reserved 1091584K
  class space    used 5607K, capacity 5876K, committed 5964K, reserved 1048576K
}
Event: 4.341 GC heap after
{Heap after GC invocations=10 (full 0):
 garbage-first heap   total 115712K, used 38052K [0x00000000a2200000, 0x0000000100000000)
  region size 1024K, 4 young (4096K), 4 survivors (4096K)
 Metaspace       used 48011K, capacity 48661K, committed 48888K, reserved 1091584K
  class space    used 5607K, capacity 5876K, committed 5964K, reserved 1048576K
}
Event: 4.648 GC heap before
{Heap before GC invocations=10 (full 0):
 garbage-first heap   total 115712K, used 79012K [0x00000000a2200000, 0x0000000100000000)
  region size 1024K, 40 young (40960K), 4 survivors (4096K)
 Metaspace       used 50459K, capacity 51165K, committed 51448K, reserved 1095680K
  class space    used 5871K, capacity 6173K, committed 6220K, reserved 1048576K
}
Event: 4.656 GC heap after
{Heap after GC invocations=11 (full 0):
 garbage-first heap   total 115712K, used 45601K [0x00000000a2200000, 0x0000000100000000)
  region size 1024K, 3 young (3072K), 3 survivors (3072K)
 Metaspace       used 50459K, capacity 51165K, committed 51448K, reserved 1095680K
  class space    used 5871K, capacity 6173K, committed 6220K, reserved 1048576K
}
Event: 5.452 GC heap before
{Heap before GC invocations=11 (full 0):
 garbage-first heap   total 115712K, used 81441K [0x00000000a2200000, 0x0000000100000000)
  region size 1024K, 38 young (38912K), 3 survivors (3072K)
 Metaspace       used 55677K, capacity 56443K, committed 56568K, reserved 1099776K
  class space    used 6411K, capacity 6707K, committed 6732K, reserved 1048576K
}
Event: 5.462 GC heap after
{Heap after GC invocations=12 (full 0):
 garbage-first heap   total 139264K, used 49807K [0x00000000a2200000, 0x0000000100000000)
  region size 1024K, 5 young (5120K), 5 survivors (5120K)
 Metaspace       used 55677K, capacity 56443K, committed 56568K, reserved 1099776K
  class space    used 6411K, capacity 6707K, committed 6732K, reserved 1048576K
}
Event: 6.618 GC heap before
{Heap before GC invocations=12 (full 0):
 garbage-first heap   total 139264K, used 93839K [0x00000000a2200000, 0x0000000100000000)
  region size 1024K, 49 young (50176K), 5 survivors (5120K)
 Metaspace       used 59035K, capacity 59737K, committed 59936K, reserved 1101824K
  class space    used 6675K, capacity 6990K, committed 7116K, reserved 1048576K
}
Event: 6.631 GC heap after
{Heap after GC invocations=13 (full 0):
 garbage-first heap   total 139264K, used 54883K [0x00000000a2200000, 0x0000000100000000)
  region size 1024K, 7 young (7168K), 7 survivors (7168K)
 Metaspace       used 59035K, capacity 59737K, committed 59936K, reserved 1101824K
  class space    used 6675K, capacity 6990K, committed 7116K, reserved 1048576K
}
Event: 7.882 GC heap before
{Heap before GC invocations=14 (full 0):
 garbage-first heap   total 139264K, used 98915K [0x00000000a2200000, 0x0000000100000000)
  region size 1024K, 50 young (51200K), 7 survivors (7168K)
 Metaspace       used 61776K, capacity 62594K, committed 62752K, reserved 1105920K
  class space    used 6891K, capacity 7233K, committed 7372K, reserved 1048576K
}
Event: 7.899 GC heap after
{Heap after GC invocations=15 (full 0):
 garbage-first heap   total 139264K, used 60342K [0x00000000a2200000, 0x0000000100000000)
  region size 1024K, 6 young (6144K), 6 survivors (6144K)
 Metaspace       used 61776K, capacity 62594K, committed 62752K, reserved 1105920K
  class space    used 6891K, capacity 7233K, committed 7372K, reserved 1048576K
}
Event: 9.236 GC heap before
{Heap before GC invocations=15 (full 0):
 garbage-first heap   total 139264K, used 104374K [0x00000000a2200000, 0x0000000100000000)
  region size 1024K, 48 young (49152K), 6 survivors (6144K)
 Metaspace       used 63255K, capacity 64130K, committed 64288K, reserved 1105920K
  class space    used 6948K, capacity 7314K, committed 7372K, reserved 1048576K
}
Event: 9.250 GC heap after
{Heap after GC invocations=16 (full 0):
 garbage-first heap   total 139264K, used 65207K [0x00000000a2200000, 0x0000000100000000)
  region size 1024K, 5 young (5120K), 5 survivors (5120K)
 Metaspace       used 63255K, capacity 64130K, committed 64288K, reserved 1105920K
  class space    used 6948K, capacity 7314K, committed 7372K, reserved 1048576K
}
Event: 10.487 GC heap before
{Heap before GC invocations=16 (full 0):
 garbage-first heap   total 139264K, used 106167K [0x00000000a2200000, 0x0000000100000000)
  region size 1024K, 45 young (46080K), 5 survivors (5120K)
 Metaspace       used 63973K, capacity 64894K, committed 65056K, reserved 1107968K
  class space    used 6982K, capacity 7351K, committed 7372K, reserved 1048576K
}
Event: 10.501 GC heap after
{Heap after GC invocations=17 (full 0):
 garbage-first heap   total 167936K, used 69915K [0x00000000a2200000, 0x0000000100000000)
  region size 1024K, 5 young (5120K), 5 survivors (5120K)
 Metaspace       used 63973K, capacity 64894K, committed 65056K, reserved 1107968K
  class space    used 6982K, capacity 7351K, committed 7372K, reserved 1048576K
}
Event: 11.647 GC heap before
{Heap before GC invocations=17 (full 0):
 garbage-first heap   total 167936K, used 122139K [0x00000000a2200000, 0x0000000100000000)
  region size 1024K, 54 young (55296K), 5 survivors (5120K)
 Metaspace       used 65777K, capacity 66648K, committed 66720K, reserved 1107968K
  class space    used 7132K, capacity 7484K, committed 7500K, reserved 1048576K
}
Event: 11.657 GC heap after
{Heap after GC invocations=18 (full 0):
 garbage-first heap   total 167936K, used 75888K [0x00000000a2200000, 0x0000000100000000)
  region size 1024K, 4 young (4096K), 4 survivors (4096K)
 Metaspace       used 65777K, capacity 66648K, committed 66720K, reserved 1107968K
  class space    used 7132K, capacity 7484K, committed 7500K, reserved 1048576K
}

Deoptimization events (20 events):
Event: 12.330 Thread 0x0000022a90ced800 DEOPT PACKING pc=0x0000022aa13db94c sp=0x00000040d2cfd760
Event: 12.330 Thread 0x0000022a90ced800 DEOPT UNPACKING pc=0x0000022a994aa1af sp=0x00000040d2cfd748 mode 2
Event: 12.330 Thread 0x0000022a90ced800 Uncommon trap: trap_request=0xffffffde fr.pc=0x0000022aa13db94c relative=0x000000000000058c
Event: 12.330 Thread 0x0000022a90ced800 Uncommon trap: reason=class_check action=maybe_recompile pc=0x0000022aa13db94c method=kotlin.collections.CollectionsKt___CollectionsKt.toSet(Ljava/lang/Iterable;)Ljava/util/Set; @ 62 c2
Event: 12.330 Thread 0x0000022a90ced800 DEOPT PACKING pc=0x0000022aa13db94c sp=0x00000040d2cfdb80
Event: 12.330 Thread 0x0000022a90ced800 DEOPT UNPACKING pc=0x0000022a994aa1af sp=0x00000040d2cfdb68 mode 2
Event: 12.340 Thread 0x0000022a90ced800 Uncommon trap: trap_request=0xffffff4d fr.pc=0x0000022aa12f3294 relative=0x0000000000000254
Event: 12.340 Thread 0x0000022a90ced800 Uncommon trap: reason=unstable_if action=reinterpret pc=0x0000022aa12f3294 method=java.lang.String.indexOf([BBILjava/lang/String;I)I @ 21 c2
Event: 12.340 Thread 0x0000022a90ced800 DEOPT PACKING pc=0x0000022aa12f3294 sp=0x00000040d2cfd090
Event: 12.340 Thread 0x0000022a90ced800 DEOPT UNPACKING pc=0x0000022a994aa1af sp=0x00000040d2cfcf28 mode 2
Event: 12.345 Thread 0x0000022a90ced800 DEOPT PACKING pc=0x0000022a9bc15d9c sp=0x00000040d2cfdd90
Event: 12.345 Thread 0x0000022a90ced800 DEOPT UNPACKING pc=0x0000022a994aa95e sp=0x00000040d2cfd370 mode 0
Event: 12.350 Thread 0x0000022a90ced800 Uncommon trap: trap_request=0xffffffde fr.pc=0x0000022aa1460624 relative=0x0000000000000624
Event: 12.350 Thread 0x0000022a90ced800 Uncommon trap: reason=class_check action=maybe_recompile pc=0x0000022aa1460624 method=org.jetbrains.kotlin.types.AbstractTypeChecker.checkSubtypeForSpecialCases(Lorg/jetbrains/kotlin/types/TypeCheckerState;Lorg/jetbrains/kotlin/types/model/SimpleTypeMarke
Event: 12.350 Thread 0x0000022a90ced800 DEOPT PACKING pc=0x0000022aa1460624 sp=0x00000040d2cf8910
Event: 12.350 Thread 0x0000022a90ced800 DEOPT UNPACKING pc=0x0000022a994aa1af sp=0x00000040d2cf8868 mode 2
Event: 12.450 Thread 0x0000022a90ced800 Uncommon trap: trap_request=0xffffff6e fr.pc=0x0000022aa14dfd2c relative=0x0000000000005b6c
Event: 12.450 Thread 0x0000022a90ced800 Uncommon trap: reason=speculate_class_check action=maybe_recompile pc=0x0000022aa14dfd2c method=org.jetbrains.kotlin.types.model.TypeSystemCommonSuperTypesContext$DefaultImpls.typeDepth(Lorg/jetbrains/kotlin/types/model/TypeSystemCommonSuperTypesContext;L
Event: 12.450 Thread 0x0000022a90ced800 DEOPT PACKING pc=0x0000022aa14dfd2c sp=0x00000040d2cfcea0
Event: 12.450 Thread 0x0000022a90ced800 DEOPT UNPACKING pc=0x0000022a994aa1af sp=0x00000040d2cfcbf8 mode 2

Classes redefined (0 events):
No events

Internal exceptions (20 events):
Event: 5.097 Thread 0x0000022a90ced800 Exception <a 'java/lang/NoSuchMethodError'{0x00000000a7e4a920}: 'java.lang.Object java.lang.invoke.Invokers$Holder.linkToTargetMethod(java.lang.Object, java.lang.Object, java.lang.Object, java.lang.Object, java.lang.Object, java.lang.Object, java.lang.Object, java.lang.Object)'> (0x00000000a7e4a920) thrown at [./src/hotspot/share/interpreter/linkResolver.cpp, line 773]
Event: 5.316 Thread 0x0000022a90ced800 Implicit null exception at 0x0000022aa118f155 to 0x0000022aa118fcac
Event: 5.316 Thread 0x0000022a90ced800 Implicit null exception at 0x0000022aa118adaf to 0x0000022aa118addc
Event: 5.359 Thread 0x0000022a90ced800 Exception <a 'java/lang/NoSuchMethodError'{0x00000000a75a2040}: 'java.lang.Object java.lang.invoke.DirectMethodHandle$Holder.invokeStaticInit(java.lang.Object, java.lang.Object, java.lang.Object)'> (0x00000000a75a2040) thrown at [./src/hotspot/share/interpreter/linkResolver.cpp, line 773]
Event: 5.364 Thread 0x0000022a90ced800 Exception <a 'java/lang/NoSuchMethodError'{0x00000000a75d7398}: 'java.lang.Object java.lang.invoke.DirectMethodHandle$Holder.invokeStatic(java.lang.Object, int, java.lang.Object, java.lang.Object)'> (0x00000000a75d7398) thrown at [./src/hotspot/share/interpreter/linkResolver.cpp, line 773]
Event: 5.364 Thread 0x0000022a90ced800 Exception <a 'java/lang/NoSuchMethodError'{0x00000000a75df1b0}: 'java.lang.Object java.lang.invoke.DirectMethodHandle$Holder.invokeStatic(java.lang.Object, int, java.lang.Object)'> (0x00000000a75df1b0) thrown at [./src/hotspot/share/interpreter/linkResolver.cpp, line 773]
Event: 5.365 Thread 0x0000022a90ced800 Exception <a 'java/lang/NoSuchMethodError'{0x00000000a75e5818}: 'int java.lang.invoke.DirectMethodHandle$Holder.invokeInterface(java.lang.Object, java.lang.Object)'> (0x00000000a75e5818) thrown at [./src/hotspot/share/interpreter/linkResolver.cpp, line 773]
Event: 6.064 Thread 0x0000022a90ced800 Exception <a 'java/lang/NoSuchMethodError'{0x00000000a8e4edc0}: 'java.lang.Object java.lang.invoke.Invokers$Holder.linkToTargetMethod(java.lang.Object, java.lang.Object, java.lang.Object, java.lang.Object, java.lang.Object, java.lang.Object)'> (0x00000000a8e4edc0) thrown at [./src/hotspot/share/interpreter/linkResolver.cpp, line 773]
Event: 6.108 Thread 0x0000022a90ced800 Implicit null exception at 0x0000022aa0f8dd5e to 0x0000022aa0f8e4ca
Event: 6.108 Thread 0x0000022a90ced800 Implicit null exception at 0x0000022aa0f8bb2f to 0x0000022aa0f8bb9d
Event: 6.241 Thread 0x0000022a90ced800 Implicit null exception at 0x0000022aa11f351b to 0x0000022aa11f842c
Event: 6.608 Thread 0x0000022a90ced800 Exception <a 'java/lang/NoSuchMethodError'{0x00000000a7fd1bf8}: 'java.lang.Object java.lang.invoke.DirectMethodHandle$Holder.invokeInterface(java.lang.Object, java.lang.Object, java.lang.Object)'> (0x00000000a7fd1bf8) thrown at [./src/hotspot/share/interpreter/linkResolver.cpp, line 773]
Event: 6.635 Thread 0x0000022a90ced800 Exception <a 'java/lang/NoSuchMethodError'{0x00000000aa91ff38}: 'java.lang.Object java.lang.invoke.Invokers$Holder.linkToTargetMethod(java.lang.Object, java.lang.Object, java.lang.Object, java.lang.Object, java.lang.Object, java.lang.Object, java.lang.Object)'> (0x00000000aa91ff38) thrown at [./src/hotspot/share/interpreter/linkResolver.cpp, line 773]
Event: 6.813 Thread 0x0000022a90ced800 Exception <a 'java/lang/IncompatibleClassChangeError'{0x00000000aa6785d0}: Found class java.lang.Object, but interface was expected> (0x00000000aa6785d0) thrown at [./src/hotspot/share/interpreter/linkResolver.cpp, line 839]
Event: 7.317 Thread 0x0000022a90ced800 Implicit null exception at 0x0000022aa0f98974 to 0x0000022aa0f98b8c
Event: 7.415 Thread 0x0000022a90ced800 Exception <a 'java/lang/NoSuchMethodError'{0x00000000a92b8640}: 'int java.lang.invoke.DirectMethodHandle$Holder.invokeStaticInit(java.lang.Object, int)'> (0x00000000a92b8640) thrown at [./src/hotspot/share/interpreter/linkResolver.cpp, line 773]
Event: 8.152 Thread 0x0000022a90ced800 Exception <a 'java/lang/NoSuchMethodError'{0x00000000aa0cf0b8}: 'java.lang.Object java.lang.invoke.Invokers$Holder.linkToTargetMethod(java.lang.Object, java.lang.Object, java.lang.Object, int, int, java.lang.Object)'> (0x00000000aa0cf0b8) thrown at [./src/hotspot/share/interpreter/linkResolver.cpp, line 773]
Event: 9.353 Thread 0x0000022a90ced800 Implicit null exception at 0x0000022aa12ac5f4 to 0x0000022aa12acc5c
Event: 11.311 Thread 0x0000022a90ced800 Implicit null exception at 0x0000022aa0f8af75 to 0x0000022aa0f8b13c
Event: 11.869 Thread 0x0000022a90ced800 Exception <a 'java/lang/NoSuchMethodError'{0x00000000aba44f08}: 'int java.lang.invoke.DirectMethodHandle$Holder.invokeStaticInit(java.lang.Object, java.lang.Object, java.lang.Object, java.lang.Object)'> (0x00000000aba44f08) thrown at [./src/hotspot/share/interpreter/linkResolver.cpp, line 773]

Events (20 events):
Event: 12.365 loading class org/jetbrains/kotlin/psi2ir/intermediate/PropertyLValueBase
Event: 12.365 loading class org/jetbrains/kotlin/psi2ir/intermediate/PropertyLValueBase done
Event: 12.365 loading class org/jetbrains/kotlin/psi2ir/intermediate/AccessorPropertyLValue$store$1
Event: 12.365 loading class org/jetbrains/kotlin/psi2ir/intermediate/AccessorPropertyLValue$store$1 done
Event: 12.406 loading class org/jetbrains/kotlin/ir/expressions/impl/IrSpreadElementImpl
Event: 12.406 loading class org/jetbrains/kotlin/ir/expressions/impl/IrSpreadElementImpl done
Event: 12.426 Executing VM operation: ICBufferFull
Event: 12.426 Executing VM operation: ICBufferFull done
Event: 12.443 loading class org/jetbrains/kotlin/ir/expressions/impl/IrCompositeImpl
Event: 12.443 loading class org/jetbrains/kotlin/ir/expressions/impl/IrCompositeImpl done
Event: 12.443 loading class org/jetbrains/kotlin/ir/expressions/IrComposite
Event: 12.443 loading class org/jetbrains/kotlin/ir/expressions/IrComposite done
Event: 12.444 loading class org/jetbrains/kotlin/ir/expressions/IrStatementOrigin$DESTRUCTURING_DECLARATION
Event: 12.444 loading class org/jetbrains/kotlin/ir/expressions/IrStatementOrigin$DESTRUCTURING_DECLARATION done
Event: 12.444 loading class org/jetbrains/kotlin/psi2ir/intermediate/RematerializableValueKt
Event: 12.444 loading class org/jetbrains/kotlin/psi2ir/intermediate/RematerializableValueKt done
Event: 12.445 loading class org/jetbrains/kotlin/ir/expressions/IrStatementOrigin$COMPONENT_N
Event: 12.445 loading class org/jetbrains/kotlin/ir/expressions/IrStatementOrigin$COMPONENT_N done
Event: 12.445 loading class org/jetbrains/kotlin/ir/expressions/IrStatementOrigin$COMPONENT_N$Companion
Event: 12.445 loading class org/jetbrains/kotlin/ir/expressions/IrStatementOrigin$COMPONENT_N$Companion done


Dynamic libraries:
0x00007ff7d0ad0000 - 0x00007ff7d0add000 	C:\Program Files\Microsoft\jdk-11.0.18.10-hotspot\bin\java.exe
0x00007ffbb64d0000 - 0x00007ffbb66e4000 	C:\WINDOWS\SYSTEM32\ntdll.dll
0x00007ffbb5050000 - 0x00007ffbb5113000 	C:\WINDOWS\System32\KERNEL32.DLL
0x00007ffbb3ab0000 - 0x00007ffbb3e4c000 	C:\WINDOWS\System32\KERNELBASE.dll
0x00007ffbb3e50000 - 0x00007ffbb3f61000 	C:\WINDOWS\System32\ucrtbase.dll
0x00007ffb99d90000 - 0x00007ffb99da5000 	C:\Program Files\Microsoft\jdk-11.0.18.10-hotspot\bin\VCRUNTIME140.dll
0x00007ffb8e4e0000 - 0x00007ffb8e4f7000 	C:\Program Files\Microsoft\jdk-11.0.18.10-hotspot\bin\jli.dll
0x00007ffbb48c0000 - 0x00007ffbb4a6d000 	C:\WINDOWS\System32\USER32.dll
0x00007ffba2180000 - 0x00007ffba240e000 	C:\WINDOWS\WinSxS\amd64_microsoft.windows.common-controls_6595b64144ccf1df_6.0.22621.608_none_a9444ca7c10bb01d\COMCTL32.dll
0x00007ffbb3910000 - 0x00007ffbb3936000 	C:\WINDOWS\System32\win32u.dll
0x00007ffbb4400000 - 0x00007ffbb44a7000 	C:\WINDOWS\System32\msvcrt.dll
0x00007ffbb43d0000 - 0x00007ffbb43f9000 	C:\WINDOWS\System32\GDI32.dll
0x00007ffbb3f70000 - 0x00007ffbb4083000 	C:\WINDOWS\System32\gdi32full.dll
0x00007ffbb4090000 - 0x00007ffbb412a000 	C:\WINDOWS\System32\msvcp_win.dll
0x00007ffbb4fb0000 - 0x00007ffbb4fe1000 	C:\WINDOWS\System32\IMM32.DLL
0x00007ffb73c30000 - 0x00007ffb73ccb000 	C:\Program Files\Microsoft\jdk-11.0.18.10-hotspot\bin\msvcp140.dll
0x00007ffaf6490000 - 0x00007ffaf7022000 	C:\Program Files\Microsoft\jdk-11.0.18.10-hotspot\bin\server\jvm.dll
0x00007ffbb4680000 - 0x00007ffbb472e000 	C:\WINDOWS\System32\ADVAPI32.dll
0x00007ffbb44b0000 - 0x00007ffbb4554000 	C:\WINDOWS\System32\sechost.dll
0x00007ffbb4e00000 - 0x00007ffbb4f15000 	C:\WINDOWS\System32\RPCRT4.dll
0x00007ffbb52c0000 - 0x00007ffbb52c8000 	C:\WINDOWS\System32\PSAPI.DLL
0x00007ffbac4a0000 - 0x00007ffbac4d4000 	C:\WINDOWS\SYSTEM32\WINMM.dll
0x00007ffba1790000 - 0x00007ffba1799000 	C:\WINDOWS\SYSTEM32\WSOCK32.dll
0x00007ffbad8d0000 - 0x00007ffbad8da000 	C:\WINDOWS\SYSTEM32\VERSION.dll
0x00007ffbb5dd0000 - 0x00007ffbb5e41000 	C:\WINDOWS\System32\WS2_32.dll
0x00007ffbb2960000 - 0x00007ffbb2978000 	C:\WINDOWS\SYSTEM32\kernel.appcore.dll
0x00007ffba1810000 - 0x00007ffba1820000 	C:\Program Files\Microsoft\jdk-11.0.18.10-hotspot\bin\verify.dll
0x00007ffbb13d0000 - 0x00007ffbb15fe000 	C:\WINDOWS\SYSTEM32\DBGHELP.DLL
0x00007ffbb4a70000 - 0x00007ffbb4df9000 	C:\WINDOWS\System32\combase.dll
0x00007ffbb42f0000 - 0x00007ffbb43c7000 	C:\WINDOWS\System32\OLEAUT32.dll
0x00007ffba7ed0000 - 0x00007ffba7f02000 	C:\WINDOWS\SYSTEM32\dbgcore.DLL
0x00007ffbb4260000 - 0x00007ffbb42db000 	C:\WINDOWS\System32\bcryptPrimitives.dll
0x00007ffb88fd0000 - 0x00007ffb88ff8000 	C:\Program Files\Microsoft\jdk-11.0.18.10-hotspot\bin\java.dll
0x00007ffba0f00000 - 0x00007ffba0f0a000 	C:\Program Files\Microsoft\jdk-11.0.18.10-hotspot\bin\jimage.dll
0x00007ffb776d0000 - 0x00007ffb776e8000 	C:\Program Files\Microsoft\jdk-11.0.18.10-hotspot\bin\zip.dll
0x00007ffbb52f0000 - 0x00007ffbb5ae0000 	C:\WINDOWS\System32\SHELL32.dll
0x00007ffbb1920000 - 0x00007ffbb21ee000 	C:\WINDOWS\SYSTEM32\windows.storage.dll
0x00007ffbb17e0000 - 0x00007ffbb191e000 	C:\WINDOWS\SYSTEM32\wintypes.dll
0x00007ffbb6390000 - 0x00007ffbb6481000 	C:\WINDOWS\System32\SHCORE.dll
0x00007ffbb6330000 - 0x00007ffbb638e000 	C:\WINDOWS\System32\shlwapi.dll
0x00007ffbb3840000 - 0x00007ffbb3861000 	C:\WINDOWS\SYSTEM32\profapi.dll
0x00007ffb75c40000 - 0x00007ffb75c59000 	C:\Program Files\Microsoft\jdk-11.0.18.10-hotspot\bin\net.dll
0x00007ffbad180000 - 0x00007ffbad2af000 	C:\WINDOWS\SYSTEM32\WINHTTP.dll
0x00007ffbb2dd0000 - 0x00007ffbb2e39000 	C:\WINDOWS\system32\mswsock.dll
0x00007ffb75c20000 - 0x00007ffb75c33000 	C:\Program Files\Microsoft\jdk-11.0.18.10-hotspot\bin\nio.dll

dbghelp: loaded successfully - version: 4.0.5 - missing functions: none
symbol engine: initialized successfully - sym options: 0x614 - pdb path: .;C:\Program Files\Microsoft\jdk-11.0.18.10-hotspot\bin;C:\WINDOWS\SYSTEM32;C:\WINDOWS\WinSxS\amd64_microsoft.windows.common-controls_6595b64144ccf1df_6.0.22621.608_none_a9444ca7c10bb01d;C:\Program Files\Microsoft\jdk-11.0.18.10-hotspot\bin\server

VM Arguments:
java_command: org.jetbrains.kotlin.cli.jvm.K2JVMCompiler @C:\Users\I GEDE SETIAWAN\aplikasi\node_modules\react-native-gradle-plugin\build\20230507_4093485554460030279.compiler.options
java_class_path (initial): C:\Users\I GEDE SETIAWAN\.gradle\caches\modules-2\files-2.1\org.jetbrains.kotlin\kotlin-compiler-embeddable\1.6.10\88f2073f4020cdb83132cfe940ceb9a60aba54ea\kotlin-compiler-embeddable-1.6.10.jar;C:\Users\I GEDE SETIAWAN\.gradle\caches\modules-2\files-2.1\org.jetbrains.kotlin\kotlin-reflect\1.6.10\1cbe9c92c12a94eea200d23c2bbaedaf3daf5132\kotlin-reflect-1.6.10.jar;C:\Users\I GEDE SETIAWAN\.gradle\caches\modules-2\files-2.1\org.jetbrains.kotlin\kotlin-stdlib\1.6.10\b8af3fe6f1ca88526914929add63cf5e7c5049af\kotlin-stdlib-1.6.10.jar;C:\Users\I GEDE SETIAWAN\.gradle\caches\modules-2\files-2.1\org.jetbrains.kotlin\kotlin-script-runtime\1.6.10\d0a7ff2e2500ef497ed0214ae40ad3c8387a6164\kotlin-script-runtime-1.6.10.jar;C:\Users\I GEDE SETIAWAN\.gradle\caches\modules-2\files-2.1\org.jetbrains.kotlin\kotlin-daemon-embeddable\1.6.10\a56d79bcbea411fa6058e4ecffc2de73e742bd2a\kotlin-daemon-embeddable-1.6.10.jar;C:\Users\I GEDE SETIAWAN\.gradle\caches\modules-2\files-2.1\org.jetbrains.intellij.deps\trove4j\1.0.20181211\216c2e14b070f334479d800987affe4054cd563f\trove4j-1.0.20181211.jar;C:\Users\I GEDE SETIAWAN\.gradle\caches\modules-2\files-2.1\net.java.dev.jna\jna\5.6.0\330f2244e9030119ab3030fc3fededc86713d9cc\jna-5.6.0.jar;C:\Users\I GEDE SETIAWAN\.gradle\caches\modules-2\files-2.1\org.jetbrains\annotations\13.0\919f0dfe192fb4e063e7dacadee7f8bb9a2672a9\annotations-13.0.jar;C:\Users\I GEDE SETIAWAN\.gradle\caches\modules-2\files-2.1\org.jetbrains.kotlin\kotlin-stdlib-common\1.6.10\c118700e3a33c8a0d9adc920e9dec0831171925\kotlin-stdlib-common-1.6.10.jar
Launcher Type: SUN_STANDARD

[Global flags]
     intx CICompilerCount                          = 4                                         {product} {ergonomic}
     uint ConcGCThreads                            = 2                                         {product} {ergonomic}
     uint G1ConcRefinementThreads                  = 8                                         {product} {ergonomic}
   size_t G1HeapRegionSize                         = 1048576                                   {product} {ergonomic}
    uintx GCDrainStackTargetSize                   = 64                                        {product} {ergonomic}
   size_t InitialHeapSize                          = 98566144                                  {product} {ergonomic}
   size_t MarkStackSize                            = 4194304                                   {product} {ergonomic}
   size_t MaxHeapSize                              = 1574961152                                {product} {ergonomic}
   size_t MaxNewSize                               = 944766976                                 {product} {ergonomic}
   size_t MinHeapDeltaBytes                        = 1048576                                   {product} {ergonomic}
    uintx NonNMethodCodeHeapSize                   = 5836300                                {pd product} {ergonomic}
    uintx NonProfiledCodeHeapSize                  = 122910970                              {pd product} {ergonomic}
    uintx ProfiledCodeHeapSize                     = 122910970                              {pd product} {ergonomic}
    uintx ReservedCodeCacheSize                    = 251658240                              {pd product} {ergonomic}
     bool SegmentedCodeCache                       = true                                      {product} {ergonomic}
     bool UseCompressedClassPointers               = true                                 {lp64_product} {ergonomic}
     bool UseCompressedOops                        = true                                 {lp64_product} {ergonomic}
     bool UseG1GC                                  = true                                      {product} {ergonomic}
     bool UseLargePagesIndividualAllocation        = false                                  {pd product} {ergonomic}

Logging:
Log output configuration:
 #0: stdout all=warning uptime,level,tags
 #1: stderr all=off uptime,level,tags

Environment Variables:
JAVA_HOME=C:\Program Files\Microsoft\jdk-11.0.18.10-hotspot\
CLASSPATH=C:\Users\I GEDE SETIAWAN\aplikasi\android\\gradle\wrapper\gradle-wrapper.jar
PATH=C:\Users\I GEDE SETIAWAN\aplikasi\android\node_modules\.bin;C:\Users\I GEDE SETIAWAN\aplikasi\node_modules\.bin;C:\Users\I GEDE SETIAWAN\node_modules\.bin;C:\Users\node_modules\.bin;C:\node_modules\.bin;C:\Program Files\nodejs;C:\Users\I GEDE SETIAWAN\aplikasi\node_modules\.bin;C:\Users\I GEDE SETIAWAN\aplikasi\node_modules\.bin;C:\Users\I GEDE SETIAWAN\node_modules\.bin;C:\Users\node_modules\.bin;C:\node_modules\.bin;C:\Users\I GEDE SETIAWAN\AppData\Roaming\npm\node_modules\npm\node_modules\@npmcli\run-script\lib\node-gyp-bin;C:\Program Files\Microsoft\jdk-11.0.18.10-hotspot\bin;C:\Program Files\Common Files\Oracle\Java\javapath;C:\Program Files\Rockwell Software\RSCommon;C:\oraclexe\app\oracle\product\10.2.0\server\bin;C:\WINDOWS\system32;C:\WINDOWS;C:\WINDOWS\System32\Wbem;C:\WINDOWS\System32\WindowsPowerShell\v1.0\;C:\WINDOWS\System32\OpenSSH\;C:\Program Files\nodejs\;C:\Program Files\Git\cmd;C:\Users\I GEDE SETIAWAN\AppData\Local\Android\Sdk\platform-tools;C:\ProgramData\chocolatey\bin;C:\Users\I GEDE SETIAWAN\AppData\Local\Microsoft\WindowsApps;C:\Users\I GEDE SETIAWAN\AppData\Local\Programs\Microsoft VS Code\bin;C:\Program Files\MySQL\MySQL Server 8.0\bin;C:\Users\I GEDE SETIAWAN\AppData\Roaming\npm;C:\Users\I GEDE SETIAWAN\AppData\Local\Android\Sdk\platform-tools;
USERNAME=I GEDE SETIAWAN
OS=Windows_NT
PROCESSOR_IDENTIFIER=AMD64 Family 23 Model 104 Stepping 1, AuthenticAMD
TMP=C:\Users\IGEDES~1\AppData\Local\Temp
TEMP=C:\Users\IGEDES~1\AppData\Local\Temp



---------------  S Y S T E M  ---------------

OS: Windows 11 , 64 bit Build 22621 (10.0.22621.1344)
OS uptime: 9 days 10:09 hours

CPU:total 8 (initial active 8) (8 cores per cpu, 2 threads per core) family 23 model 104 stepping 1 microcode 0x0, cmov, cx8, fxsr, mmx, sse, sse2, sse3, ssse3, sse4.1, sse4.2, popcnt, avx, avx2, aes, clmul, mmxext, 3dnowpref, lzcnt, sse4a, ht, tsc, tscinvbit, tscinv, bmi1, bmi2, adx, sha, fma

Memory: 4k page, system-wide physical 6005M (271M free)
TotalPageFile size 24437M (AvailPageFile size 4M)
current process WorkingSet (physical memory assigned to process): 374M, peak: 374M
current process commit charge ("private bytes"): 413M, peak: 413M

vm_info: OpenJDK 64-Bit Server VM (11.0.18+10-LTS) for windows-amd64 JRE (11.0.18+10-LTS), built on Jan 18 2023 15:56:47 by "MicrosoftCorporation" with MS VC++ 15.9 (VS2017)

END.
