#
# There is insufficient memory for the Java Runtime Environment to continue.
# Native memory allocation (malloc) failed to allocate 389296 bytes for Chunk::new
# Possible reasons:
#   The system is out of physical RAM or swap space
#   The process is running with CompressedOops enabled, and the Java Heap may be blocking the growth of the native heap
# Possible solutions:
#   Reduce memory load on the system
#   Increase physical memory or swap space
#   Check if swap backing store is full
#   Decrease Java heap size (-Xmx/-Xms)
#   Decrease number of Java threads
#   Decrease Java thread stack sizes (-Xss)
#   Set larger code cache with -XX:ReservedCodeCacheSize=
#   JVM is running with Unscaled Compressed Oops mode in which the Java heap is
#     placed in the first 4GB address space. The Java Heap base address is the
#     maximum limit for the native heap growth. Please use -XX:HeapBaseMinAddress
#     to set the Java Heap base and to place the Java Heap above 4GB virtual address.
# This output file may be truncated or incomplete.
#
#  Out of Memory Error (./src/hotspot/share/memory/arena.cpp:197), pid=31104, tid=29576
#
# JRE version: OpenJDK Runtime Environment Microsoft-7208460 (11.0.18+10) (build 11.0.18+10-LTS)
# Java VM: OpenJDK 64-Bit Server VM Microsoft-7208460 (11.0.18+10-LTS, mixed mode, tiered, compressed oops, g1 gc, windows-amd64)
# No core dump will be written. Minidumps are not enabled by default on client versions of Windows
#

---------------  S U M M A R Y ------------

Command Line: -Xmx64m -Xms64m -Dorg.gradle.appname=gradlew org.gradle.wrapper.GradleWrapperMain app:installDebug -PreactNativeDevServerPort=8081

Host: AMD Ryzen 3 5300U with Radeon Graphics         , 8 cores, 5G,  Windows 11 , 64 bit Build 22621 (10.0.22621.1344)
Time: Sun May  7 09:54:32 2023 Malay Peninsula Standard Time elapsed time: 0.728352 seconds (0d 0h 0m 0s)

---------------  T H R E A D  ---------------

Current thread (0x000001775877a000):  JavaThread "C2 CompilerThread0" daemon [_thread_in_native, id=29576, stack(0x00000027b5300000,0x00000027b5400000)]


Current CompileTask:
C2:    728  848  s!   4       jdk.internal.loader.URLClassPath::getLoader (194 bytes)

Stack: [0x00000027b5300000,0x00000027b5400000]
Native frames: (J=compiled Java code, j=interpreted, Vv=VM code, C=native code)
V  [jvm.dll+0x62bf8a]
V  [jvm.dll+0x7b8fb9]
V  [jvm.dll+0x7ba6a8]
V  [jvm.dll+0x7bad83]
V  [jvm.dll+0x250248]
V  [jvm.dll+0xc260c]
V  [jvm.dll+0xc2bcc]
V  [jvm.dll+0x2c4e64]
V  [jvm.dll+0x533dcc]
V  [jvm.dll+0x21177b]
V  [jvm.dll+0x20b39a]
V  [jvm.dll+0x2083eb]
V  [jvm.dll+0x18a4b1]
V  [jvm.dll+0x217eec]
V  [jvm.dll+0x21612b]
V  [jvm.dll+0x77bac0]
V  [jvm.dll+0x7749f4]
V  [jvm.dll+0x62adf5]
C  [ucrtbase.dll+0x29363]
C  [KERNEL32.DLL+0x126bd]
C  [ntdll.dll+0x5a9f8]


---------------  P R O C E S S  ---------------

Threads class SMR info:
_java_thread_list=0x00000177591e6b10, length=10, elements={
0x000001773c0ee000, 0x00000177586e1000, 0x000001775870e800, 0x0000017758768000,
0x000001775876b800, 0x000001775876d000, 0x000001775877a000, 0x0000017758784000,
0x0000017758788800, 0x00000177591fd000
}

Java Threads: ( => current thread )
  0x000001773c0ee000 JavaThread "main" [_thread_in_Java, id=19708, stack(0x00000027b4700000,0x00000027b4800000)]
  0x00000177586e1000 JavaThread "Reference Handler" daemon [_thread_blocked, id=37644, stack(0x00000027b4e00000,0x00000027b4f00000)]
  0x000001775870e800 JavaThread "Finalizer" daemon [_thread_blocked, id=3356, stack(0x00000027b4f00000,0x00000027b5000000)]
  0x0000017758768000 JavaThread "Signal Dispatcher" daemon [_thread_blocked, id=32760, stack(0x00000027b5000000,0x00000027b5100000)]
  0x000001775876b800 JavaThread "Attach Listener" daemon [_thread_blocked, id=32036, stack(0x00000027b5100000,0x00000027b5200000)]
  0x000001775876d000 JavaThread "Service Thread" daemon [_thread_blocked, id=32436, stack(0x00000027b5200000,0x00000027b5300000)]
=>0x000001775877a000 JavaThread "C2 CompilerThread0" daemon [_thread_in_native, id=29576, stack(0x00000027b5300000,0x00000027b5400000)]
  0x0000017758784000 JavaThread "C1 CompilerThread0" daemon [_thread_blocked, id=26760, stack(0x00000027b5400000,0x00000027b5500000)]
  0x0000017758788800 JavaThread "Sweeper thread" daemon [_thread_blocked, id=34280, stack(0x00000027b5500000,0x00000027b5600000)]
  0x00000177591fd000 JavaThread "Common-Cleaner" daemon [_thread_blocked, id=30864, stack(0x00000027b5700000,0x00000027b5800000)]

Other Threads:
  0x00000177586dd800 VMThread "VM Thread" [stack: 0x00000027b4d00000,0x00000027b4e00000] [id=6608]
  0x00000177591f4000 WatcherThread [stack: 0x00000027b5600000,0x00000027b5700000] [id=34692]
  0x000001773c106800 GCTaskThread "GC Thread#0" [stack: 0x00000027b4800000,0x00000027b4900000] [id=29900]
  0x0000017759959800 GCTaskThread "GC Thread#1" [stack: 0x00000027b5800000,0x00000027b5900000] [id=32728]
  0x000001773c10e800 ConcurrentGCThread "G1 Main Marker" [stack: 0x00000027b4900000,0x00000027b4a00000] [id=35156]
  0x000001773c111800 ConcurrentGCThread "G1 Conc#0" [stack: 0x00000027b4a00000,0x00000027b4b00000] [id=8156]
  0x000001773c17a000 ConcurrentGCThread "G1 Refine#0" [stack: 0x00000027b4b00000,0x00000027b4c00000] [id=18688]
  0x000001773c17d800 ConcurrentGCThread "G1 Young RemSet Sampling" [stack: 0x00000027b4c00000,0x00000027b4d00000] [id=3348]

Threads with active compile tasks:
C2 CompilerThread0      748  848  s!   4       jdk.internal.loader.URLClassPath::getLoader (194 bytes)

VM state:not at safepoint (normal execution)

VM Mutex/Monitor currently owned by a thread:  ([mutex/lock_event])
[0x000001773c0e77e0] Threads_lock - owner thread: 0x00000177586dd800

Heap address: 0x00000000fc000000, size: 64 MB, Compressed Oops mode: 32-bit
Narrow klass base: 0x0000000000000000, Narrow klass shift: 3
Compressed class space size: 1073741824 Address: 0x0000000100000000

Heap:
 garbage-first heap   total 65536K, used 9113K [0x00000000fc000000, 0x0000000100000000)
  region size 1024K, 4 young (4096K), 3 survivors (3072K)
 Metaspace       used 10356K, capacity 10574K, committed 10880K, reserved 1062912K
  class space    used 1035K, capacity 1097K, committed 1152K, reserved 1048576K
Heap Regions: E=young(eden), S=young(survivor), O=old, HS=humongous(starts), HC=humongous(continues), CS=collection set, F=free, A=archive, TAMS=top-at-mark-start (previous, next)
|   0|0x00000000fc000000, 0x00000000fc000000, 0x00000000fc100000|  0%| F|  |TAMS 0x00000000fc000000, 0x00000000fc000000| Untracked 
|   1|0x00000000fc100000, 0x00000000fc100000, 0x00000000fc200000|  0%| F|  |TAMS 0x00000000fc100000, 0x00000000fc100000| Untracked 
|   2|0x00000000fc200000, 0x00000000fc200000, 0x00000000fc300000|  0%| F|  |TAMS 0x00000000fc200000, 0x00000000fc200000| Untracked 
|   3|0x00000000fc300000, 0x00000000fc400000, 0x00000000fc400000|100%|HS|  |TAMS 0x00000000fc300000, 0x00000000fc300000| Complete 
|   4|0x00000000fc400000, 0x00000000fc500000, 0x00000000fc500000|100%|HC|  |TAMS 0x00000000fc400000, 0x00000000fc400000| Complete 
|   5|0x00000000fc500000, 0x00000000fc600000, 0x00000000fc600000|100%|HC|  |TAMS 0x00000000fc500000, 0x00000000fc500000| Complete 
|   6|0x00000000fc600000, 0x00000000fc700000, 0x00000000fc700000|100%| O|  |TAMS 0x00000000fc600000, 0x00000000fc600000| Untracked 
|   7|0x00000000fc700000, 0x00000000fc800000, 0x00000000fc800000|100%| O|  |TAMS 0x00000000fc700000, 0x00000000fc700000| Untracked 
|   8|0x00000000fc800000, 0x00000000fc8e6608, 0x00000000fc900000| 89%| O|  |TAMS 0x00000000fc800000, 0x00000000fc800000| Untracked 
|   9|0x00000000fc900000, 0x00000000fc900000, 0x00000000fca00000|  0%| F|  |TAMS 0x00000000fc900000, 0x00000000fc900000| Untracked 
|  10|0x00000000fca00000, 0x00000000fca00000, 0x00000000fcb00000|  0%| F|  |TAMS 0x00000000fca00000, 0x00000000fca00000| Untracked 
|  11|0x00000000fcb00000, 0x00000000fcb00000, 0x00000000fcc00000|  0%| F|  |TAMS 0x00000000fcb00000, 0x00000000fcb00000| Untracked 
|  12|0x00000000fcc00000, 0x00000000fcc00000, 0x00000000fcd00000|  0%| F|  |TAMS 0x00000000fcc00000, 0x00000000fcc00000| Untracked 
|  13|0x00000000fcd00000, 0x00000000fcd00000, 0x00000000fce00000|  0%| F|  |TAMS 0x00000000fcd00000, 0x00000000fcd00000| Untracked 
|  14|0x00000000fce00000, 0x00000000fce00000, 0x00000000fcf00000|  0%| F|  |TAMS 0x00000000fce00000, 0x00000000fce00000| Untracked 
|  15|0x00000000fcf00000, 0x00000000fcf00000, 0x00000000fd000000|  0%| F|  |TAMS 0x00000000fcf00000, 0x00000000fcf00000| Untracked 
|  16|0x00000000fd000000, 0x00000000fd000000, 0x00000000fd100000|  0%| F|  |TAMS 0x00000000fd000000, 0x00000000fd000000| Untracked 
|  17|0x00000000fd100000, 0x00000000fd100000, 0x00000000fd200000|  0%| F|  |TAMS 0x00000000fd100000, 0x00000000fd100000| Untracked 
|  18|0x00000000fd200000, 0x00000000fd200000, 0x00000000fd300000|  0%| F|  |TAMS 0x00000000fd200000, 0x00000000fd200000| Untracked 
|  19|0x00000000fd300000, 0x00000000fd300000, 0x00000000fd400000|  0%| F|  |TAMS 0x00000000fd300000, 0x00000000fd300000| Untracked 
|  20|0x00000000fd400000, 0x00000000fd400000, 0x00000000fd500000|  0%| F|  |TAMS 0x00000000fd400000, 0x00000000fd400000| Untracked 
|  21|0x00000000fd500000, 0x00000000fd500000, 0x00000000fd600000|  0%| F|  |TAMS 0x00000000fd500000, 0x00000000fd500000| Untracked 
|  22|0x00000000fd600000, 0x00000000fd600000, 0x00000000fd700000|  0%| F|  |TAMS 0x00000000fd600000, 0x00000000fd600000| Untracked 
|  23|0x00000000fd700000, 0x00000000fd700000, 0x00000000fd800000|  0%| F|  |TAMS 0x00000000fd700000, 0x00000000fd700000| Untracked 
|  24|0x00000000fd800000, 0x00000000fd800000, 0x00000000fd900000|  0%| F|  |TAMS 0x00000000fd800000, 0x00000000fd800000| Untracked 
|  25|0x00000000fd900000, 0x00000000fd900000, 0x00000000fda00000|  0%| F|  |TAMS 0x00000000fd900000, 0x00000000fd900000| Untracked 
|  26|0x00000000fda00000, 0x00000000fda00000, 0x00000000fdb00000|  0%| F|  |TAMS 0x00000000fda00000, 0x00000000fda00000| Untracked 
|  27|0x00000000fdb00000, 0x00000000fdb00000, 0x00000000fdc00000|  0%| F|  |TAMS 0x00000000fdb00000, 0x00000000fdb00000| Untracked 
|  28|0x00000000fdc00000, 0x00000000fdc00000, 0x00000000fdd00000|  0%| F|  |TAMS 0x00000000fdc00000, 0x00000000fdc00000| Untracked 
|  29|0x00000000fdd00000, 0x00000000fdd00000, 0x00000000fde00000|  0%| F|  |TAMS 0x00000000fdd00000, 0x00000000fdd00000| Untracked 
|  30|0x00000000fde00000, 0x00000000fde00000, 0x00000000fdf00000|  0%| F|  |TAMS 0x00000000fde00000, 0x00000000fde00000| Untracked 
|  31|0x00000000fdf00000, 0x00000000fdf00000, 0x00000000fe000000|  0%| F|  |TAMS 0x00000000fdf00000, 0x00000000fdf00000| Untracked 
|  32|0x00000000fe000000, 0x00000000fe000000, 0x00000000fe100000|  0%| F|  |TAMS 0x00000000fe000000, 0x00000000fe000000| Untracked 
|  33|0x00000000fe100000, 0x00000000fe100000, 0x00000000fe200000|  0%| F|  |TAMS 0x00000000fe100000, 0x00000000fe100000| Untracked 
|  34|0x00000000fe200000, 0x00000000fe200000, 0x00000000fe300000|  0%| F|  |TAMS 0x00000000fe200000, 0x00000000fe200000| Untracked 
|  35|0x00000000fe300000, 0x00000000fe300000, 0x00000000fe400000|  0%| F|  |TAMS 0x00000000fe300000, 0x00000000fe300000| Untracked 
|  36|0x00000000fe400000, 0x00000000fe400000, 0x00000000fe500000|  0%| F|  |TAMS 0x00000000fe400000, 0x00000000fe400000| Untracked 
|  37|0x00000000fe500000, 0x00000000fe600000, 0x00000000fe600000|100%| S|CS|TAMS 0x00000000fe500000, 0x00000000fe500000| Complete 
|  38|0x00000000fe600000, 0x00000000fe700000, 0x00000000fe700000|100%| S|CS|TAMS 0x00000000fe600000, 0x00000000fe600000| Complete 
|  39|0x00000000fe700000, 0x00000000fe800000, 0x00000000fe800000|100%| S|CS|TAMS 0x00000000fe700000, 0x00000000fe700000| Complete 
|  40|0x00000000fe800000, 0x00000000fe800000, 0x00000000fe900000|  0%| F|  |TAMS 0x00000000fe800000, 0x00000000fe800000| Untracked 
|  41|0x00000000fe900000, 0x00000000fe900000, 0x00000000fea00000|  0%| F|  |TAMS 0x00000000fe900000, 0x00000000fe900000| Untracked 
|  42|0x00000000fea00000, 0x00000000fea00000, 0x00000000feb00000|  0%| F|  |TAMS 0x00000000fea00000, 0x00000000fea00000| Untracked 
|  43|0x00000000feb00000, 0x00000000feb00000, 0x00000000fec00000|  0%| F|  |TAMS 0x00000000feb00000, 0x00000000feb00000| Untracked 
|  44|0x00000000fec00000, 0x00000000fec00000, 0x00000000fed00000|  0%| F|  |TAMS 0x00000000fec00000, 0x00000000fec00000| Untracked 
|  45|0x00000000fed00000, 0x00000000fed00000, 0x00000000fee00000|  0%| F|  |TAMS 0x00000000fed00000, 0x00000000fed00000| Untracked 
|  46|0x00000000fee00000, 0x00000000fee00000, 0x00000000fef00000|  0%| F|  |TAMS 0x00000000fee00000, 0x00000000fee00000| Untracked 
|  47|0x00000000fef00000, 0x00000000fef00000, 0x00000000ff000000|  0%| F|  |TAMS 0x00000000fef00000, 0x00000000fef00000| Untracked 
|  48|0x00000000ff000000, 0x00000000ff000000, 0x00000000ff100000|  0%| F|  |TAMS 0x00000000ff000000, 0x00000000ff000000| Untracked 
|  49|0x00000000ff100000, 0x00000000ff100000, 0x00000000ff200000|  0%| F|  |TAMS 0x00000000ff100000, 0x00000000ff100000| Untracked 
|  50|0x00000000ff200000, 0x00000000ff200000, 0x00000000ff300000|  0%| F|  |TAMS 0x00000000ff200000, 0x00000000ff200000| Untracked 
|  51|0x00000000ff300000, 0x00000000ff300000, 0x00000000ff400000|  0%| F|  |TAMS 0x00000000ff300000, 0x00000000ff300000| Untracked 
|  52|0x00000000ff400000, 0x00000000ff400000, 0x00000000ff500000|  0%| F|  |TAMS 0x00000000ff400000, 0x00000000ff400000| Untracked 
|  53|0x00000000ff500000, 0x00000000ff500000, 0x00000000ff600000|  0%| F|  |TAMS 0x00000000ff500000, 0x00000000ff500000| Untracked 
|  54|0x00000000ff600000, 0x00000000ff600000, 0x00000000ff700000|  0%| F|  |TAMS 0x00000000ff600000, 0x00000000ff600000| Untracked 
|  55|0x00000000ff700000, 0x00000000ff700000, 0x00000000ff800000|  0%| F|  |TAMS 0x00000000ff700000, 0x00000000ff700000| Untracked 
|  56|0x00000000ff800000, 0x00000000ff800000, 0x00000000ff900000|  0%| F|  |TAMS 0x00000000ff800000, 0x00000000ff800000| Untracked 
|  57|0x00000000ff900000, 0x00000000ff900000, 0x00000000ffa00000|  0%| F|  |TAMS 0x00000000ff900000, 0x00000000ff900000| Untracked 
|  58|0x00000000ffa00000, 0x00000000ffa00000, 0x00000000ffb00000|  0%| F|  |TAMS 0x00000000ffa00000, 0x00000000ffa00000| Untracked 
|  59|0x00000000ffb00000, 0x00000000ffb00000, 0x00000000ffc00000|  0%| F|  |TAMS 0x00000000ffb00000, 0x00000000ffb00000| Untracked 
|  60|0x00000000ffc00000, 0x00000000ffc00000, 0x00000000ffd00000|  0%| F|  |TAMS 0x00000000ffc00000, 0x00000000ffc00000| Untracked 
|  61|0x00000000ffd00000, 0x00000000ffd00000, 0x00000000ffe00000|  0%| F|  |TAMS 0x00000000ffd00000, 0x00000000ffd00000| Untracked 
|  62|0x00000000ffe00000, 0x00000000ffe00000, 0x00000000fff00000|  0%| F|  |TAMS 0x00000000ffe00000, 0x00000000ffe00000| Untracked 
|  63|0x00000000fff00000, 0x00000000fff80800, 0x0000000100000000| 50%| E|  |TAMS 0x00000000fff00000, 0x00000000fff00000| Complete 

Card table byte_map: [0x0000017755ac0000,0x0000017755ae0000] _byte_map_base: 0x00000177552e0000

Marking Bits (Prev, Next): (CMBitMap*) 0x000001773c10d2d8, (CMBitMap*) 0x000001773c10d310
 Prev Bits: [0x0000017755b00000, 0x0000017755c00000)
 Next Bits: [0x0000017755c00000, 0x0000017755d00000)

Polling page: 0x0000017746010000

Metaspace:

Usage:
  Non-class:      9.26 MB capacity,     9.11 MB ( 98%) used,   145.80 KB (  2%) free+waste,    10.56 KB ( <1%) overhead. 
      Class:      1.07 MB capacity,     1.01 MB ( 94%) used,    58.21 KB (  5%) free+waste,     4.94 KB ( <1%) overhead. 
       Both:     10.33 MB capacity,    10.12 MB ( 98%) used,   204.01 KB (  2%) free+waste,    15.50 KB ( <1%) overhead. 

Virtual space:
  Non-class space:       14.00 MB reserved,       9.50 MB ( 68%) committed 
      Class space:        1.00 GB reserved,       1.13 MB ( <1%) committed 
             Both:        1.01 GB reserved,      10.63 MB (  1%) committed 

Chunk freelists:
   Non-Class:  53.00 KB
       Class:  20.00 KB
        Both:  73.00 KB

MaxMetaspaceSize: 17179869184.00 GB
CompressedClassSpaceSize: 1.00 GB
Initial GC threshold: 20.80 MB
Current GC threshold: 20.80 MB
CDS: off

CodeHeap 'non-profiled nmethods': size=120000Kb used=302Kb max_used=302Kb free=119697Kb
 bounds [0x000001774db00000, 0x000001774dd70000, 0x0000017755030000]
CodeHeap 'profiled nmethods': size=120000Kb used=1736Kb max_used=1736Kb free=118264Kb
 bounds [0x00000177465d0000, 0x0000017746840000, 0x000001774db00000]
CodeHeap 'non-nmethods': size=5760Kb used=1117Kb max_used=1132Kb free=4642Kb
 bounds [0x0000017746030000, 0x00000177462a0000, 0x00000177465d0000]
 total_blobs=1244 nmethods=877 adapters=280
 compilation: enabled
              stopped_count=0, restarted_count=0
 full_count=0

Compilation events (20 events):
Event: 0.717 Thread 0x0000017758784000  863       3       java.lang.ClassLoader::postDefineClass (39 bytes)
Event: 0.717 Thread 0x0000017758784000 nmethod 863 0x0000017746779210 code [0x0000017746779400, 0x0000017746779718]
Event: 0.717 Thread 0x0000017758784000  858       3       java.lang.invoke.MemberName::getMethodOrFieldType (72 bytes)
Event: 0.718 Thread 0x0000017758784000 nmethod 858 0x0000017746779890 code [0x0000017746779c00, 0x000001774677aea8]
Event: 0.719 Thread 0x0000017758784000  864       1       org.gradle.internal.buildoption.AbstractBuildOption::getGradleProperty (5 bytes)
Event: 0.719 Thread 0x0000017758784000 nmethod 864 0x000001774db4b310 code [0x000001774db4b4c0, 0x000001774db4b578]
Event: 0.719 Thread 0x0000017758784000  867       3       org.gradle.launcher.cli.converter.LayoutToPropertiesConverter$1::isSatisfiedBy (30 bytes)
Event: 0.719 Thread 0x0000017758784000 nmethod 867 0x000001774677b510 code [0x000001774677b6e0, 0x000001774677bab8]
Event: 0.719 Thread 0x0000017758784000  869       3       java.util.concurrent.ConcurrentHashMap$BaseIterator::hasNext (13 bytes)
Event: 0.719 Thread 0x0000017758784000 nmethod 869 0x000001774677bc10 code [0x000001774677bdc0, 0x000001774677bf18]
Event: 0.719 Thread 0x0000017758784000  865       3       java.lang.String::toString (2 bytes)
Event: 0.719 Thread 0x0000017758784000 nmethod 865 0x000001774677bf90 code [0x000001774677c140, 0x000001774677c238]
Event: 0.719 Thread 0x0000017758784000  866       3       org.gradle.launcher.cli.converter.LayoutToPropertiesConverter$1::isSatisfiedBy (9 bytes)
Event: 0.719 Thread 0x0000017758784000 nmethod 866 0x000001774677c310 code [0x000001774677c500, 0x000001774677ca58]
Event: 0.719 Thread 0x0000017758784000  868       1       java.util.concurrent.ConcurrentHashMap$MapEntry::getKey (5 bytes)
Event: 0.719 Thread 0x0000017758784000 nmethod 868 0x000001774db4b610 code [0x000001774db4b7c0, 0x000001774db4b878]
Event: 0.722 Thread 0x0000017758784000  870       3       java.util.HashMap::get (23 bytes)
Event: 0.722 Thread 0x0000017758784000 nmethod 870 0x000001774677cc10 code [0x000001774677ce00, 0x000001774677d138]
Event: 0.723 Thread 0x0000017758784000  872       3       java.io.WinNTFileSystem::normalize (143 bytes)
Event: 0.724 Thread 0x0000017758784000 nmethod 872 0x000001774677d290 code [0x000001774677d520, 0x000001774677e078]

GC Heap History (0 events):
No events

Deoptimization events (20 events):
Event: 0.709 Thread 0x000001773c0ee000 Uncommon trap: trap_request=0xffffffde fr.pc=0x000001774db1eeb8 relative=0x00000000000002d8
Event: 0.709 Thread 0x000001773c0ee000 Uncommon trap: reason=class_check action=maybe_recompile pc=0x000001774db1eeb8 method=java.util.regex.Matcher.match(II)Z @ 121 c2
Event: 0.709 Thread 0x000001773c0ee000 DEOPT PACKING pc=0x000001774db1eeb8 sp=0x00000027b47fd3f0
Event: 0.709 Thread 0x000001773c0ee000 DEOPT UNPACKING pc=0x000001774607a1af sp=0x00000027b47fd388 mode 2
Event: 0.709 Thread 0x000001773c0ee000 Uncommon trap: trap_request=0xffffffde fr.pc=0x000001774db1eeb8 relative=0x00000000000002d8
Event: 0.709 Thread 0x000001773c0ee000 Uncommon trap: reason=class_check action=maybe_recompile pc=0x000001774db1eeb8 method=java.util.regex.Matcher.match(II)Z @ 121 c2
Event: 0.709 Thread 0x000001773c0ee000 DEOPT PACKING pc=0x000001774db1eeb8 sp=0x00000027b47fd3f0
Event: 0.709 Thread 0x000001773c0ee000 DEOPT UNPACKING pc=0x000001774607a1af sp=0x00000027b47fd388 mode 2
Event: 0.709 Thread 0x000001773c0ee000 Uncommon trap: trap_request=0xffffffde fr.pc=0x000001774db1eeb8 relative=0x00000000000002d8
Event: 0.709 Thread 0x000001773c0ee000 Uncommon trap: reason=class_check action=maybe_recompile pc=0x000001774db1eeb8 method=java.util.regex.Matcher.match(II)Z @ 121 c2
Event: 0.709 Thread 0x000001773c0ee000 DEOPT PACKING pc=0x000001774db1eeb8 sp=0x00000027b47fd270
Event: 0.710 Thread 0x000001773c0ee000 DEOPT UNPACKING pc=0x000001774607a1af sp=0x00000027b47fd208 mode 2
Event: 0.710 Thread 0x000001773c0ee000 Uncommon trap: trap_request=0xffffffde fr.pc=0x000001774db1eeb8 relative=0x00000000000002d8
Event: 0.710 Thread 0x000001773c0ee000 Uncommon trap: reason=class_check action=maybe_recompile pc=0x000001774db1eeb8 method=java.util.regex.Matcher.match(II)Z @ 121 c2
Event: 0.710 Thread 0x000001773c0ee000 DEOPT PACKING pc=0x000001774db1eeb8 sp=0x00000027b47fd270
Event: 0.710 Thread 0x000001773c0ee000 DEOPT UNPACKING pc=0x000001774607a1af sp=0x00000027b47fd208 mode 2
Event: 0.714 Thread 0x000001773c0ee000 Uncommon trap: trap_request=0xffffff4d fr.pc=0x000001774db45900 relative=0x0000000000000240
Event: 0.714 Thread 0x000001773c0ee000 Uncommon trap: reason=unstable_if action=reinterpret pc=0x000001774db45900 method=java.util.HashMap.hash(Ljava/lang/Object;)I @ 1 c2
Event: 0.714 Thread 0x000001773c0ee000 DEOPT PACKING pc=0x000001774db45900 sp=0x00000027b47fd340
Event: 0.714 Thread 0x000001773c0ee000 DEOPT UNPACKING pc=0x000001774607a1af sp=0x00000027b47fd278 mode 2

Classes redefined (0 events):
No events

Internal exceptions (4 events):
Event: 0.210 Thread 0x000001773c0ee000 Exception <a 'java/lang/NoSuchMethodError'{0x00000000ffc62818}: 'int java.lang.invoke.DirectMethodHandle$Holder.invokeStaticInit(java.lang.Object, java.lang.Object)'> (0x00000000ffc62818) thrown at [./src/hotspot/share/interpreter/linkResolver.cpp, line 773]
Event: 0.250 Thread 0x000001773c0ee000 Exception <a 'java/lang/NoSuchMethodError'{0x00000000ffb3f318}: 'int java.lang.invoke.DirectMethodHandle$Holder.invokeSpecial(java.lang.Object, java.lang.Object, java.lang.Object, java.lang.Object)'> (0x00000000ffb3f318) thrown at [./src/hotspot/share/interpreter/linkResolver.cpp, line 773]
Event: 0.256 Thread 0x000001773c0ee000 Exception <a 'java/lang/NoSuchMethodError'{0x00000000ffb78d68}: 'int java.lang.invoke.DirectMethodHandle$Holder.invokeSpecialIFC(java.lang.Object, java.lang.Object, int)'> (0x00000000ffb78d68) thrown at [./src/hotspot/share/interpreter/linkResolver.cpp, line 773]
Event: 0.714 Thread 0x000001773c0ee000 Implicit null exception at 0x000001774db456f5 to 0x000001774db458f0

Events (20 events):
Event: 0.722 loading class org/gradle/internal/logging/source/JavaUtilLoggingSystem$SnapshotImpl
Event: 0.722 loading class org/gradle/internal/logging/source/JavaUtilLoggingSystem$SnapshotImpl done
Event: 0.722 loading class org/slf4j/bridge/SLF4JBridgeHandler
Event: 0.722 loading class org/slf4j/bridge/SLF4JBridgeHandler done
Event: 0.723 loading class java/util/MissingResourceException
Event: 0.723 loading class java/util/MissingResourceException done
Event: 0.723 loading class java/util/logging/ErrorManager
Event: 0.723 loading class java/util/logging/ErrorManager done
Event: 0.724 loading class org/gradle/internal/logging/source/PrintStreamLoggingSystem$PrintStreamDestination
Event: 0.724 loading class org/gradle/internal/logging/source/PrintStreamLoggingSystem$PrintStreamDestination done
Event: 0.724 loading class org/gradle/launcher/cli/ExceptionReportingAction
Event: 0.724 loading class org/gradle/launcher/cli/ExceptionReportingAction done
Event: 0.724 loading class org/gradle/initialization/ReportedException
Event: 0.724 loading class org/gradle/initialization/ReportedException done
Event: 0.724 loading class org/gradle/initialization/exception/InitializationException
Event: 0.724 loading class org/gradle/initialization/exception/InitializationException done
Event: 0.724 loading class org/gradle/launcher/cli/NativeServicesInitializingAction
Event: 0.724 loading class org/gradle/launcher/cli/NativeServicesInitializingAction done
Event: 0.725 loading class org/gradle/launcher/cli/WelcomeMessageAction
Event: 0.725 loading class org/gradle/launcher/cli/WelcomeMessageAction done


Dynamic libraries:
0x00007ff651610000 - 0x00007ff65161d000 	C:\Program Files\Microsoft\jdk-11.0.18.10-hotspot\bin\java.exe
0x00007ffbb64d0000 - 0x00007ffbb66e4000 	C:\WINDOWS\SYSTEM32\ntdll.dll
0x00007ffbb5050000 - 0x00007ffbb5113000 	C:\WINDOWS\System32\KERNEL32.DLL
0x00007ffbb3ab0000 - 0x00007ffbb3e4c000 	C:\WINDOWS\System32\KERNELBASE.dll
0x00007ffbb3e50000 - 0x00007ffbb3f61000 	C:\WINDOWS\System32\ucrtbase.dll
0x00007ffb7e5b0000 - 0x00007ffb7e5c5000 	C:\Program Files\Microsoft\jdk-11.0.18.10-hotspot\bin\VCRUNTIME140.dll
0x00007ffb82070000 - 0x00007ffb82087000 	C:\Program Files\Microsoft\jdk-11.0.18.10-hotspot\bin\jli.dll
0x00007ffbb48c0000 - 0x00007ffbb4a6d000 	C:\WINDOWS\System32\USER32.dll
0x00007ffba2180000 - 0x00007ffba240e000 	C:\WINDOWS\WinSxS\amd64_microsoft.windows.common-controls_6595b64144ccf1df_6.0.22621.608_none_a9444ca7c10bb01d\COMCTL32.dll
0x00007ffbb3910000 - 0x00007ffbb3936000 	C:\WINDOWS\System32\win32u.dll
0x00007ffbb4400000 - 0x00007ffbb44a7000 	C:\WINDOWS\System32\msvcrt.dll
0x00007ffbb43d0000 - 0x00007ffbb43f9000 	C:\WINDOWS\System32\GDI32.dll
0x00007ffbb3f70000 - 0x00007ffbb4083000 	C:\WINDOWS\System32\gdi32full.dll
0x00007ffbb4090000 - 0x00007ffbb412a000 	C:\WINDOWS\System32\msvcp_win.dll
0x00007ffbb4fb0000 - 0x00007ffbb4fe1000 	C:\WINDOWS\System32\IMM32.DLL
0x00007ffb6ed60000 - 0x00007ffb6edfb000 	C:\Program Files\Microsoft\jdk-11.0.18.10-hotspot\bin\msvcp140.dll
0x00007ffb3e9a0000 - 0x00007ffb3f532000 	C:\Program Files\Microsoft\jdk-11.0.18.10-hotspot\bin\server\jvm.dll
0x00007ffbb4680000 - 0x00007ffbb472e000 	C:\WINDOWS\System32\ADVAPI32.dll
0x00007ffbb44b0000 - 0x00007ffbb4554000 	C:\WINDOWS\System32\sechost.dll
0x00007ffbb4e00000 - 0x00007ffbb4f15000 	C:\WINDOWS\System32\RPCRT4.dll
0x00007ffbb52c0000 - 0x00007ffbb52c8000 	C:\WINDOWS\System32\PSAPI.DLL
0x00007ffbac4a0000 - 0x00007ffbac4d4000 	C:\WINDOWS\SYSTEM32\WINMM.dll
0x00007ffba1790000 - 0x00007ffba1799000 	C:\WINDOWS\SYSTEM32\WSOCK32.dll
0x00007ffbad8d0000 - 0x00007ffbad8da000 	C:\WINDOWS\SYSTEM32\VERSION.dll
0x00007ffbb5dd0000 - 0x00007ffbb5e41000 	C:\WINDOWS\System32\WS2_32.dll
0x00007ffbb2960000 - 0x00007ffbb2978000 	C:\WINDOWS\SYSTEM32\kernel.appcore.dll
0x00007ffb95c70000 - 0x00007ffb95c80000 	C:\Program Files\Microsoft\jdk-11.0.18.10-hotspot\bin\verify.dll
0x00007ffbb13d0000 - 0x00007ffbb15fe000 	C:\WINDOWS\SYSTEM32\DBGHELP.DLL
0x00007ffbb4a70000 - 0x00007ffbb4df9000 	C:\WINDOWS\System32\combase.dll
0x00007ffbb42f0000 - 0x00007ffbb43c7000 	C:\WINDOWS\System32\OLEAUT32.dll
0x00007ffba7ed0000 - 0x00007ffba7f02000 	C:\WINDOWS\SYSTEM32\dbgcore.DLL
0x00007ffbb4260000 - 0x00007ffbb42db000 	C:\WINDOWS\System32\bcryptPrimitives.dll
0x00007ffb75c30000 - 0x00007ffb75c58000 	C:\Program Files\Microsoft\jdk-11.0.18.10-hotspot\bin\java.dll
0x00007ffb93ef0000 - 0x00007ffb93efa000 	C:\Program Files\Microsoft\jdk-11.0.18.10-hotspot\bin\jimage.dll
0x00007ffb7e560000 - 0x00007ffb7e578000 	C:\Program Files\Microsoft\jdk-11.0.18.10-hotspot\bin\zip.dll
0x00007ffbb52f0000 - 0x00007ffbb5ae0000 	C:\WINDOWS\System32\SHELL32.dll
0x00007ffbb1920000 - 0x00007ffbb21ee000 	C:\WINDOWS\SYSTEM32\windows.storage.dll
0x00007ffbb17e0000 - 0x00007ffbb191e000 	C:\WINDOWS\SYSTEM32\wintypes.dll
0x00007ffbb6390000 - 0x00007ffbb6481000 	C:\WINDOWS\System32\SHCORE.dll
0x00007ffbb6330000 - 0x00007ffbb638e000 	C:\WINDOWS\System32\shlwapi.dll
0x00007ffbb3840000 - 0x00007ffbb3861000 	C:\WINDOWS\SYSTEM32\profapi.dll
0x00007ffb78940000 - 0x00007ffb78959000 	C:\Program Files\Microsoft\jdk-11.0.18.10-hotspot\bin\net.dll
0x00007ffbad180000 - 0x00007ffbad2af000 	C:\WINDOWS\SYSTEM32\WINHTTP.dll
0x00007ffbb2dd0000 - 0x00007ffbb2e39000 	C:\WINDOWS\system32\mswsock.dll
0x00007ffb78860000 - 0x00007ffb78873000 	C:\Program Files\Microsoft\jdk-11.0.18.10-hotspot\bin\nio.dll

dbghelp: loaded successfully - version: 4.0.5 - missing functions: none
symbol engine: initialized successfully - sym options: 0x614 - pdb path: .;C:\Program Files\Microsoft\jdk-11.0.18.10-hotspot\bin;C:\WINDOWS\SYSTEM32;C:\WINDOWS\WinSxS\amd64_microsoft.windows.common-controls_6595b64144ccf1df_6.0.22621.608_none_a9444ca7c10bb01d;C:\Program Files\Microsoft\jdk-11.0.18.10-hotspot\bin\server

VM Arguments:
jvm_args: -Xmx64m -Xms64m -Dorg.gradle.appname=gradlew 
java_command: org.gradle.wrapper.GradleWrapperMain app:installDebug -PreactNativeDevServerPort=8081
java_class_path (initial): C:\Users\I GEDE SETIAWAN\aplikasi\android\\gradle\wrapper\gradle-wrapper.jar
Launcher Type: SUN_STANDARD

[Global flags]
     intx CICompilerCount                          = 4                                         {product} {ergonomic}
     uint ConcGCThreads                            = 2                                         {product} {ergonomic}
     uint G1ConcRefinementThreads                  = 8                                         {product} {ergonomic}
   size_t G1HeapRegionSize                         = 1048576                                   {product} {ergonomic}
    uintx GCDrainStackTargetSize                   = 64                                        {product} {ergonomic}
   size_t InitialHeapSize                          = 67108864                                  {product} {command line}
   size_t MarkStackSize                            = 4194304                                   {product} {ergonomic}
   size_t MaxHeapSize                              = 67108864                                  {product} {command line}
   size_t MaxNewSize                               = 39845888                                  {product} {ergonomic}
   size_t MinHeapDeltaBytes                        = 1048576                                   {product} {ergonomic}
    uintx NonNMethodCodeHeapSize                   = 5836300                                {pd product} {ergonomic}
    uintx NonProfiledCodeHeapSize                  = 122910970                              {pd product} {ergonomic}
    uintx ProfiledCodeHeapSize                     = 122910970                              {pd product} {ergonomic}
    uintx ReservedCodeCacheSize                    = 251658240                              {pd product} {ergonomic}
     bool SegmentedCodeCache                       = true                                      {product} {ergonomic}
     bool UseCompressedClassPointers               = true                                 {lp64_product} {ergonomic}
     bool UseCompressedOops                        = true                                 {lp64_product} {ergonomic}
     bool UseG1GC                                  = true                                      {product} {ergonomic}
     bool UseLargePagesIndividualAllocation        = false                                  {pd product} {ergonomic}

Logging:
Log output configuration:
 #0: stdout all=warning uptime,level,tags
 #1: stderr all=off uptime,level,tags

Environment Variables:
JAVA_HOME=C:\Program Files\Microsoft\jdk-11.0.18.10-hotspot\
CLASSPATH=C:\Users\I GEDE SETIAWAN\aplikasi\android\\gradle\wrapper\gradle-wrapper.jar
PATH=C:\Users\I GEDE SETIAWAN\aplikasi\android\node_modules\.bin;C:\Users\I GEDE SETIAWAN\aplikasi\node_modules\.bin;C:\Users\I GEDE SETIAWAN\node_modules\.bin;C:\Users\node_modules\.bin;C:\node_modules\.bin;C:\Program Files\nodejs;C:\Users\I GEDE SETIAWAN\aplikasi\node_modules\.bin;C:\Users\I GEDE SETIAWAN\aplikasi\node_modules\.bin;C:\Users\I GEDE SETIAWAN\node_modules\.bin;C:\Users\node_modules\.bin;C:\node_modules\.bin;C:\Users\I GEDE SETIAWAN\AppData\Roaming\npm\node_modules\npm\node_modules\@npmcli\run-script\lib\node-gyp-bin;C:\Program Files\Microsoft\jdk-11.0.18.10-hotspot\bin;C:\Program Files\Common Files\Oracle\Java\javapath;C:\Program Files\Rockwell Software\RSCommon;C:\oraclexe\app\oracle\product\10.2.0\server\bin;C:\WINDOWS\system32;C:\WINDOWS;C:\WINDOWS\System32\Wbem;C:\WINDOWS\System32\WindowsPowerShell\v1.0\;C:\WINDOWS\System32\OpenSSH\;C:\Program Files\nodejs\;C:\Program Files\Git\cmd;C:\Users\I GEDE SETIAWAN\AppData\Local\Android\Sdk\platform-tools;C:\ProgramData\chocolatey\bin;C:\Users\I GEDE SETIAWAN\AppData\Local\Microsoft\WindowsApps;C:\Users\I GEDE SETIAWAN\AppData\Local\Programs\Microsoft VS Code\bin;C:\Program Files\MySQL\MySQL Server 8.0\bin;C:\Users\I GEDE SETIAWAN\AppData\Roaming\npm;C:\Users\I GEDE SETIAWAN\AppData\Local\Android\Sdk\platform-tools;
USERNAME=I GEDE SETIAWAN
OS=Windows_NT
PROCESSOR_IDENTIFIER=AMD64 Family 23 Model 104 Stepping 1, AuthenticAMD
TMP=C:\Users\IGEDES~1\AppData\Local\Temp
TEMP=C:\Users\IGEDES~1\AppData\Local\Temp



---------------  S Y S T E M  ---------------

OS: Windows 11 , 64 bit Build 22621 (10.0.22621.1344)
OS uptime: 9 days 12:11 hours

CPU:total 8 (initial active 8) (8 cores per cpu, 2 threads per core) family 23 model 104 stepping 1 microcode 0x0, cmov, cx8, fxsr, mmx, sse, sse2, sse3, ssse3, sse4.1, sse4.2, popcnt, avx, avx2, aes, clmul, mmxext, 3dnowpref, lzcnt, sse4a, ht, tsc, tscinvbit, tscinv, bmi1, bmi2, adx, sha, fma

Memory: 4k page, system-wide physical 6005M (343M free)
TotalPageFile size 24437M (AvailPageFile size 1M)
current process WorkingSet (physical memory assigned to process): 83M, peak: 83M
current process commit charge ("private bytes"): 154M, peak: 154M

vm_info: OpenJDK 64-Bit Server VM (11.0.18+10-LTS) for windows-amd64 JRE (11.0.18+10-LTS), built on Jan 18 2023 15:56:47 by "MicrosoftCorporation" with MS VC++ 15.9 (VS2017)

END.
